TN:
SF:src\App.jsx
FN:42,(anonymous_0)
FN:49,App
FN:76,(anonymous_2)
FN:77,(anonymous_3)
FN:78,(anonymous_4)
FN:79,(anonymous_5)
FN:80,(anonymous_6)
FN:83,(anonymous_7)
FN:87,(anonymous_8)
FN:101,(anonymous_9)
FN:125,(anonymous_10)
FN:127,(anonymous_11)
FN:128,(anonymous_12)
FN:130,(anonymous_13)
FN:135,(anonymous_14)
FN:139,loadData
FN:169,(anonymous_16)
FN:178,(anonymous_17)
FN:181,(anonymous_18)
FN:193,(anonymous_19)
FN:201,(anonymous_20)
FN:204,(anonymous_21)
FN:226,(anonymous_22)
FN:232,(anonymous_23)
FN:235,(anonymous_24)
FN:248,(anonymous_25)
FN:352,handleRefreshMetrics
FN:368,(anonymous_27)
FN:370,(anonymous_28)
FN:379,(anonymous_29)
FN:381,(anonymous_30)
FN:428,(anonymous_31)
FN:428,(anonymous_32)
FN:474,(anonymous_33)
FNF:34
FNH:0
FNDA:0,(anonymous_0)
FNDA:0,App
FNDA:0,(anonymous_2)
FNDA:0,(anonymous_3)
FNDA:0,(anonymous_4)
FNDA:0,(anonymous_5)
FNDA:0,(anonymous_6)
FNDA:0,(anonymous_7)
FNDA:0,(anonymous_8)
FNDA:0,(anonymous_9)
FNDA:0,(anonymous_10)
FNDA:0,(anonymous_11)
FNDA:0,(anonymous_12)
FNDA:0,(anonymous_13)
FNDA:0,(anonymous_14)
FNDA:0,loadData
FNDA:0,(anonymous_16)
FNDA:0,(anonymous_17)
FNDA:0,(anonymous_18)
FNDA:0,(anonymous_19)
FNDA:0,(anonymous_20)
FNDA:0,(anonymous_21)
FNDA:0,(anonymous_22)
FNDA:0,(anonymous_23)
FNDA:0,(anonymous_24)
FNDA:0,(anonymous_25)
FNDA:0,handleRefreshMetrics
FNDA:0,(anonymous_27)
FNDA:0,(anonymous_28)
FNDA:0,(anonymous_29)
FNDA:0,(anonymous_30)
FNDA:0,(anonymous_31)
FNDA:0,(anonymous_32)
FNDA:0,(anonymous_33)
DA:42,0
DA:50,0
DA:53,0
DA:58,0
DA:59,0
DA:60,0
DA:61,0
DA:62,0
DA:66,0
DA:67,0
DA:68,0
DA:69,0
DA:72,0
DA:75,0
DA:76,0
DA:77,0
DA:78,0
DA:79,0
DA:80,0
DA:83,0
DA:86,0
DA:89,0
DA:90,0
DA:94,0
DA:95,0
DA:101,0
DA:102,0
DA:113,0
DA:116,0
DA:125,0
DA:126,0
DA:127,0
DA:128,0
DA:130,0
DA:135,0
DA:136,0
DA:137,0
DA:140,0
DA:141,0
DA:143,0
DA:145,0
DA:147,0
DA:149,0
DA:151,0
DA:153,0
DA:159,0
DA:160,0
DA:164,0
DA:166,0
DA:167,0
DA:169,0
DA:171,0
DA:175,0
DA:178,0
DA:179,0
DA:180,0
DA:181,0
DA:182,0
DA:183,0
DA:190,0
DA:191,0
DA:192,0
DA:193,0
DA:194,0
DA:198,0
DA:199,0
DA:200,0
DA:201,0
DA:202,0
DA:203,0
DA:204,0
DA:205,0
DA:206,0
DA:214,0
DA:216,0
DA:218,0
DA:224,0
DA:225,0
DA:226,0
DA:227,0
DA:231,0
DA:232,0
DA:233,0
DA:234,0
DA:235,0
DA:236,0
DA:237,0
DA:246,0
DA:248,0
DA:249,0
DA:250,0
DA:251,0
DA:259,0
DA:260,0
DA:353,0
DA:355,0
DA:356,0
DA:357,0
DA:358,0
DA:359,0
DA:361,0
DA:363,0
DA:365,0
DA:368,0
DA:369,0
DA:370,0
DA:371,0
DA:372,0
DA:373,0
DA:377,0
DA:378,0
DA:379,0
DA:380,0
DA:381,0
DA:382,0
DA:383,0
DA:384,0
DA:390,0
DA:391,0
DA:393,0
DA:428,0
DA:474,0
LF:122
LH:0
BRDA:67,0,0,0
BRDA:67,0,1,0
BRDA:86,1,0,0
BRDA:86,1,1,0
BRDA:86,2,0,0
BRDA:86,2,1,0
BRDA:90,3,0,0
BRDA:90,3,1,0
BRDA:92,4,0,0
BRDA:92,4,1,0
BRDA:92,4,2,0
BRDA:95,5,0,0
BRDA:95,5,1,0
BRDA:98,6,0,0
BRDA:98,6,1,0
BRDA:99,7,0,0
BRDA:99,7,1,0
BRDA:100,8,0,0
BRDA:100,8,1,0
BRDA:101,9,0,0
BRDA:101,9,1,0
BRDA:104,10,0,0
BRDA:104,10,1,0
BRDA:126,11,0,0
BRDA:126,11,1,0
BRDA:126,12,0,0
BRDA:126,12,1,0
BRDA:139,13,0,0
BRDA:143,14,0,0
BRDA:143,14,1,0
BRDA:151,15,0,0
BRDA:151,15,1,0
BRDA:159,16,0,0
BRDA:159,16,1,0
BRDA:166,17,0,0
BRDA:166,17,1,0
BRDA:179,18,0,0
BRDA:179,18,1,0
BRDA:182,19,0,0
BRDA:182,19,1,0
BRDA:190,20,0,0
BRDA:190,20,1,0
BRDA:202,21,0,0
BRDA:202,21,1,0
BRDA:205,22,0,0
BRDA:205,22,1,0
BRDA:216,23,0,0
BRDA:216,23,1,0
BRDA:224,24,0,0
BRDA:224,24,1,0
BRDA:233,25,0,0
BRDA:233,25,1,0
BRDA:236,26,0,0
BRDA:236,26,1,0
BRDA:250,27,0,0
BRDA:250,27,1,0
BRDA:259,28,0,0
BRDA:259,28,1,0
BRDA:261,29,0,0
BRDA:261,29,1,0
BRDA:272,30,0,0
BRDA:272,30,1,0
BRDA:275,31,0,0
BRDA:275,31,1,0
BRDA:300,32,0,0
BRDA:300,32,1,0
BRDA:311,33,0,0
BRDA:311,33,1,0
BRDA:327,34,0,0
BRDA:327,34,1,0
BRDA:328,35,0,0
BRDA:328,35,1,0
BRDA:331,36,0,0
BRDA:331,36,1,0
BRDA:334,37,0,0
BRDA:334,37,1,0
BRDA:336,38,0,0
BRDA:336,38,1,0
BRDA:340,39,0,0
BRDA:340,39,1,0
BRDA:340,40,0,0
BRDA:340,40,1,0
BRDA:353,41,0,0
BRDA:353,41,1,0
BRDA:391,42,0,0
BRDA:391,42,1,0
BRDA:396,43,0,0
BRDA:396,43,1,0
BRDA:399,44,0,0
BRDA:399,44,1,0
BRDA:425,45,0,0
BRDA:425,45,1,0
BRDA:427,46,0,0
BRDA:427,46,1,0
BRDA:431,47,0,0
BRDA:431,47,1,0
BRDA:431,48,0,0
BRDA:431,48,1,0
BRDA:432,49,0,0
BRDA:432,49,1,0
BRDA:437,50,0,0
BRDA:437,50,1,0
BRDA:444,51,0,0
BRDA:444,51,1,0
BRDA:452,52,0,0
BRDA:452,52,1,0
BRDA:453,53,0,0
BRDA:453,53,1,0
BRDA:454,54,0,0
BRDA:454,54,1,0
BRDA:458,55,0,0
BRDA:458,55,1,0
BRDA:459,56,0,0
BRDA:459,56,1,0
BRDA:460,57,0,0
BRDA:460,57,1,0
BRDA:469,58,0,0
BRDA:469,58,1,0
BRDA:472,59,0,0
BRDA:472,59,1,0
BRDA:478,60,0,0
BRDA:478,60,1,0
BRDA:478,60,2,0
BRDA:486,61,0,0
BRDA:486,61,1,0
BRDA:492,62,0,0
BRDA:492,62,1,0
BRDA:522,63,0,0
BRDA:522,63,1,0
BRDA:525,64,0,0
BRDA:525,64,1,0
BRDA:529,65,0,0
BRDA:529,65,1,0
BRDA:532,66,0,0
BRDA:532,66,1,0
BRDA:536,67,0,0
BRDA:536,67,1,0
BRDA:537,68,0,0
BRDA:537,68,1,0
BRDA:538,69,0,0
BRDA:538,69,1,0
BRDA:539,70,0,0
BRDA:539,70,1,0
BRDA:540,71,0,0
BRDA:540,71,1,0
BRDA:543,72,0,0
BRDA:543,72,1,0
BRDA:546,73,0,0
BRDA:546,73,1,0
BRDA:551,74,0,0
BRDA:551,74,1,0
BRDA:569,75,0,0
BRDA:569,75,1,0
BRDA:569,75,2,0
BRDA:581,76,0,0
BRDA:581,76,1,0
BRDA:626,77,0,0
BRDA:626,77,1,0
BRF:158
BRH:0
end_of_record
TN:
SF:src\components\BlochSphere.jsx
FN:14,BlochSphere
FNF:1
FNH:0
FNDA:0,BlochSphere
DA:15,0
DA:16,0
DA:21,0
DA:22,0
DA:24,0
LF:5
LH:0
BRDA:14,0,0,0
BRDA:14,1,0,0
BRDA:21,2,0,0
BRDA:21,2,1,0
BRDA:22,3,0,0
BRDA:22,3,1,0
BRDA:29,4,0,0
BRDA:29,4,1,0
BRDA:61,5,0,0
BRDA:61,5,1,0
BRDA:62,6,0,0
BRDA:62,6,1,0
BRDA:68,7,0,0
BRDA:68,7,1,0
BRDA:71,8,0,0
BRDA:71,8,1,0
BRF:16
BRH:0
end_of_record
TN:
SF:src\components\EntanglementLines.jsx
FN:13,EntanglementLines
FN:18,(anonymous_1)
FN:19,(anonymous_2)
FN:23,(anonymous_3)
FN:31,(anonymous_4)
FN:70,(anonymous_5)
FN:96,(anonymous_6)
FNF:7
FNH:0
FNDA:0,EntanglementLines
FNDA:0,(anonymous_1)
FNDA:0,(anonymous_2)
FNDA:0,(anonymous_3)
FNDA:0,(anonymous_4)
FNDA:0,(anonymous_5)
FNDA:0,(anonymous_6)
DA:14,0
DA:15,0
DA:16,0
DA:18,0
DA:19,0
DA:20,0
DA:21,0
DA:23,0
DA:24,0
DA:26,0
DA:27,0
DA:29,0
DA:31,0
DA:32,0
DA:33,0
DA:40,0
DA:42,0
DA:43,0
DA:44,0
DA:45,0
DA:46,0
DA:47,0
DA:48,0
DA:49,0
DA:54,0
DA:59,0
DA:67,0
DA:68,0
DA:70,0
DA:71,0
DA:72,0
DA:73,0
DA:78,0
DA:79,0
DA:81,0
DA:96,0
LF:36
LH:0
BRDA:21,0,0,0
BRDA:21,0,1,0
BRDA:23,1,0,0
BRDA:23,1,1,0
BRDA:24,2,0,0
BRDA:24,2,1,0
BRDA:27,3,0,0
BRDA:27,3,1,0
BRDA:27,4,0,0
BRDA:27,4,1,0
BRDA:40,5,0,0
BRDA:40,5,1,0
BRDA:40,6,0,0
BRDA:40,6,1,0
BRDA:40,6,2,0
BRDA:54,7,0,0
BRDA:54,7,1,0
BRF:17
BRH:0
end_of_record
TN:
SF:src\components\ErrorBoundary.jsx
FN:19,(anonymous_0)
FN:24,(anonymous_1)
FN:35,(anonymous_2)
FN:82,(anonymous_3)
FN:14,(anonymous_4)
FNF:5
FNH:4
FNDA:1,(anonymous_0)
FNDA:3,(anonymous_1)
FNDA:16,(anonymous_2)
FNDA:0,(anonymous_3)
FNDA:8,(anonymous_4)
DA:15,8
DA:16,8
DA:21,6
DA:26,3
DA:27,3
DA:29,3
DA:36,16
DA:38,9
DA:82,0
DA:102,7
DA:106,1
LF:11
LH:10
BRDA:36,0,0,9
BRDA:36,0,1,7
BRDA:75,1,0,9
BRDA:75,1,1,3
BRDA:78,2,0,9
BRDA:78,2,1,3
BRF:6
BRH:6
end_of_record
TN:
SF:src\components\LanguageSelector.jsx
FN:14,(anonymous_0)
FN:23,LanguageSelector
FN:30,(anonymous_2)
FN:32,(anonymous_3)
FN:41,(anonymous_4)
FN:43,(anonymous_5)
FN:46,(anonymous_6)
FN:51,(anonymous_7)
FN:52,(anonymous_8)
FN:58,(anonymous_9)
FN:61,(anonymous_10)
FN:62,(anonymous_11)
FN:64,(anonymous_12)
FN:93,(anonymous_13)
FN:99,(anonymous_14)
FNF:15
FNH:0
FNDA:0,(anonymous_0)
FNDA:0,LanguageSelector
FNDA:0,(anonymous_2)
FNDA:0,(anonymous_3)
FNDA:0,(anonymous_4)
FNDA:0,(anonymous_5)
FNDA:0,(anonymous_6)
FNDA:0,(anonymous_7)
FNDA:0,(anonymous_8)
FNDA:0,(anonymous_9)
FNDA:0,(anonymous_10)
FNDA:0,(anonymous_11)
FNDA:0,(anonymous_12)
FNDA:0,(anonymous_13)
FNDA:0,(anonymous_14)
DA:6,0
DA:14,0
DA:24,0
DA:25,0
DA:26,0
DA:27,0
DA:28,0
DA:30,0
DA:32,0
DA:33,0
DA:34,0
DA:35,0
DA:41,0
DA:42,0
DA:43,0
DA:46,0
DA:47,0
DA:48,0
DA:51,0
DA:52,0
DA:53,0
DA:54,0
DA:55,0
DA:57,0
DA:58,0
DA:61,0
DA:62,0
DA:63,0
DA:64,0
DA:67,0
DA:93,0
DA:99,0
LF:32
LH:0
BRDA:30,0,0,0
BRDA:30,0,1,0
BRDA:33,1,0,0
BRDA:33,1,1,0
BRDA:53,2,0,0
BRDA:53,2,1,0
BRDA:54,3,0,0
BRDA:54,3,1,0
BRDA:62,4,0,0
BRDA:62,4,1,0
BRDA:71,5,0,0
BRDA:71,5,1,0
BRDA:79,6,0,0
BRDA:79,6,1,0
BRDA:86,7,0,0
BRDA:86,7,1,0
BRDA:97,8,0,0
BRDA:97,8,1,0
BRDA:103,9,0,0
BRDA:103,9,1,0
BRF:20
BRH:0
end_of_record
TN:
SF:src\components\QuantumBackground.jsx
FN:16,QuantumBackground
FN:23,(anonymous_1)
FN:43,(anonymous_2)
FN:57,(anonymous_3)
FN:70,(anonymous_4)
FN:93,(anonymous_5)
FN:199,(anonymous_6)
FNF:7
FNH:0
FNDA:0,QuantumBackground
FNDA:0,(anonymous_1)
FNDA:0,(anonymous_2)
FNDA:0,(anonymous_3)
FNDA:0,(anonymous_4)
FNDA:0,(anonymous_5)
FNDA:0,(anonymous_6)
DA:11,0
DA:12,0
DA:13,0
DA:14,0
DA:17,0
DA:18,0
DA:19,0
DA:20,0
DA:21,0
DA:23,0
DA:24,0
DA:25,0
DA:26,0
DA:40,0
DA:43,0
DA:44,0
DA:45,0
DA:47,0
DA:48,0
DA:49,0
DA:51,0
DA:57,0
DA:58,0
DA:59,0
DA:60,0
DA:61,0
DA:62,0
DA:63,0
DA:67,0
DA:68,0
DA:70,0
DA:71,0
DA:72,0
DA:75,0
DA:76,0
DA:78,0
DA:79,0
DA:80,0
DA:81,0
DA:82,0
DA:83,0
DA:93,0
DA:96,0
DA:97,0
DA:100,0
DA:101,0
DA:104,0
DA:105,0
DA:108,0
DA:109,0
DA:110,0
DA:113,0
DA:114,0
DA:115,0
DA:116,0
DA:119,0
DA:120,0
DA:121,0
DA:122,0
DA:126,0
DA:127,0
DA:128,0
DA:129,0
DA:130,0
DA:131,0
DA:133,0
DA:134,0
DA:135,0
DA:136,0
DA:139,0
DA:143,0
DA:144,0
DA:146,0
DA:147,0
DA:148,0
DA:149,0
DA:150,0
DA:156,0
DA:157,0
DA:158,0
DA:159,0
DA:160,0
DA:163,0
DA:164,0
DA:165,0
DA:166,0
DA:169,0
DA:170,0
DA:172,0
DA:173,0
DA:174,0
DA:175,0
DA:176,0
DA:178,0
DA:179,0
DA:180,0
DA:181,0
DA:182,0
DA:185,0
DA:186,0
DA:187,0
DA:188,0
DA:189,0
DA:190,0
DA:194,0
DA:197,0
DA:199,0
DA:200,0
DA:201,0
DA:205,0
LF:110
LH:0
BRDA:33,0,0,0
BRDA:33,0,1,0
BRDA:33,1,0,0
BRDA:33,1,1,0
BRDA:45,2,0,0
BRDA:45,2,1,0
BRDA:62,3,0,0
BRDA:62,3,1,0
BRDA:75,4,0,0
BRDA:75,4,1,0
BRDA:82,5,0,0
BRDA:82,5,1,0
BRDA:104,6,0,0
BRDA:104,6,1,0
BRDA:104,7,0,0
BRDA:104,7,1,0
BRDA:105,8,0,0
BRDA:105,8,1,0
BRDA:105,9,0,0
BRDA:105,9,1,0
BRDA:133,10,0,0
BRDA:133,10,1,0
BRDA:158,11,0,0
BRDA:158,11,1,0
BRDA:158,12,0,0
BRDA:158,12,1,0
BRDA:160,13,0,0
BRDA:160,13,1,0
BRDA:201,14,0,0
BRDA:201,14,1,0
BRF:30
BRH:0
end_of_record
TN:
SF:src\components\QuantumDivider.jsx
FN:12,QuantumDivider
FN:13,(anonymous_1)
FN:17,(anonymous_2)
FN:34,(anonymous_3)
FN:88,(anonymous_4)
FNF:5
FNH:0
FNDA:0,QuantumDivider
FNDA:0,(anonymous_1)
FNDA:0,(anonymous_2)
FNDA:0,(anonymous_3)
FNDA:0,(anonymous_4)
DA:13,0
DA:14,0
DA:17,0
DA:18,0
DA:19,0
DA:20,0
DA:21,0
DA:22,0
DA:24,0
DA:25,0
DA:26,0
DA:27,0
DA:30,0
DA:34,0
DA:35,0
DA:36,0
DA:37,0
DA:38,0
DA:39,0
DA:40,0
DA:42,0
DA:43,0
DA:44,0
DA:45,0
DA:48,0
DA:51,0
DA:88,0
LF:27
LH:0
BRDA:12,0,0,0
BRDA:19,1,0,0
BRDA:19,1,1,0
BRDA:20,2,0,0
BRDA:20,2,1,0
BRDA:27,3,0,0
BRDA:27,3,1,0
BRDA:36,4,0,0
BRDA:36,4,1,0
BRDA:37,5,0,0
BRDA:37,5,1,0
BRDA:45,6,0,0
BRDA:45,6,1,0
BRDA:52,7,0,0
BRDA:52,7,1,0
BRF:15
BRH:0
end_of_record
TN:
SF:src\components\WavefunctionCollapse.jsx
FN:16,WavefunctionCollapse
FNF:1
FNH:0
FNDA:0,WavefunctionCollapse
DA:18,0
DA:19,0
DA:20,0
DA:21,0
DA:22,0
DA:23,0
DA:25,0
DA:26,0
DA:28,0
DA:29,0
DA:30,0
DA:31,0
DA:34,0
DA:35,0
DA:38,0
DA:39,0
DA:41,0
LF:17
LH:0
BRDA:16,0,0,0
BRDA:16,1,0,0
BRDA:16,2,0,0
BRDA:31,3,0,0
BRDA:31,3,1,0
BRDA:35,4,0,0
BRDA:35,4,1,0
BRDA:42,5,0,0
BRDA:42,5,1,0
BRF:9
BRH:0
end_of_record
TN:
SF:src\components\Dashboard\AdminPanel.jsx
FN:110,AdminPanel
FN:116,(anonymous_1)
FN:126,(anonymous_2)
FN:128,(anonymous_3)
FN:132,(anonymous_4)
FN:139,(anonymous_5)
FN:141,(anonymous_6)
FN:147,(anonymous_7)
FN:171,AuthScreen
FN:178,(anonymous_9)
FN:182,(anonymous_10)
FN:216,(anonymous_11)
FN:229,(anonymous_12)
FN:273,AdminDashboard
FN:276,(anonymous_14)
FN:279,(anonymous_15)
FN:339,(anonymous_16)
FN:343,(anonymous_17)
FN:367,OperationsTab
FN:375,(anonymous_19)
FN:412,(anonymous_20)
FN:432,(anonymous_21)
FN:432,(anonymous_22)
FN:438,(anonymous_23)
FN:438,(anonymous_24)
FN:450,(anonymous_25)
FN:450,(anonymous_26)
FN:469,(anonymous_27)
FN:472,(anonymous_28)
FN:479,(anonymous_29)
FN:506,ActiveOperationsTab
FN:510,(anonymous_31)
FN:514,(anonymous_32)
FN:515,(anonymous_33)
FN:535,(anonymous_34)
FN:544,(anonymous_35)
FN:555,ActiveOperationCard
FN:571,(anonymous_37)
FN:576,(anonymous_38)
FN:581,(anonymous_39)
FN:590,(anonymous_40)
FN:597,(anonymous_41)
FN:604,(anonymous_42)
FN:610,(anonymous_43)
FN:613,(anonymous_44)
FN:625,(anonymous_45)
FN:635,(anonymous_46)
FN:642,(anonymous_47)
FN:651,(anonymous_48)
FN:660,(anonymous_49)
FN:713,(anonymous_50)
FN:728,FinishedOperationCard
FN:739,(anonymous_52)
FN:743,(anonymous_53)
FN:774,HistoryTab
FN:779,(anonymous_55)
FN:783,(anonymous_56)
FN:790,(anonymous_57)
FN:813,(anonymous_58)
FN:814,(anonymous_59)
FN:817,(anonymous_60)
FN:842,(anonymous_61)
FN:843,(anonymous_62)
FN:870,SettingsTab
FN:879,(anonymous_64)
FN:908,(anonymous_65)
FN:930,(anonymous_66)
FN:937,(anonymous_67)
FN:944,(anonymous_68)
FNF:69
FNH:0
FNDA:0,AdminPanel
FNDA:0,(anonymous_1)
FNDA:0,(anonymous_2)
FNDA:0,(anonymous_3)
FNDA:0,(anonymous_4)
FNDA:0,(anonymous_5)
FNDA:0,(anonymous_6)
FNDA:0,(anonymous_7)
FNDA:0,AuthScreen
FNDA:0,(anonymous_9)
FNDA:0,(anonymous_10)
FNDA:0,(anonymous_11)
FNDA:0,(anonymous_12)
FNDA:0,AdminDashboard
FNDA:0,(anonymous_14)
FNDA:0,(anonymous_15)
FNDA:0,(anonymous_16)
FNDA:0,(anonymous_17)
FNDA:0,OperationsTab
FNDA:0,(anonymous_19)
FNDA:0,(anonymous_20)
FNDA:0,(anonymous_21)
FNDA:0,(anonymous_22)
FNDA:0,(anonymous_23)
FNDA:0,(anonymous_24)
FNDA:0,(anonymous_25)
FNDA:0,(anonymous_26)
FNDA:0,(anonymous_27)
FNDA:0,(anonymous_28)
FNDA:0,(anonymous_29)
FNDA:0,ActiveOperationsTab
FNDA:0,(anonymous_31)
FNDA:0,(anonymous_32)
FNDA:0,(anonymous_33)
FNDA:0,(anonymous_34)
FNDA:0,(anonymous_35)
FNDA:0,ActiveOperationCard
FNDA:0,(anonymous_37)
FNDA:0,(anonymous_38)
FNDA:0,(anonymous_39)
FNDA:0,(anonymous_40)
FNDA:0,(anonymous_41)
FNDA:0,(anonymous_42)
FNDA:0,(anonymous_43)
FNDA:0,(anonymous_44)
FNDA:0,(anonymous_45)
FNDA:0,(anonymous_46)
FNDA:0,(anonymous_47)
FNDA:0,(anonymous_48)
FNDA:0,(anonymous_49)
FNDA:0,(anonymous_50)
FNDA:0,FinishedOperationCard
FNDA:0,(anonymous_52)
FNDA:0,(anonymous_53)
FNDA:0,HistoryTab
FNDA:0,(anonymous_55)
FNDA:0,(anonymous_56)
FNDA:0,(anonymous_57)
FNDA:0,(anonymous_58)
FNDA:0,(anonymous_59)
FNDA:0,(anonymous_60)
FNDA:0,(anonymous_61)
FNDA:0,(anonymous_62)
FNDA:0,SettingsTab
FNDA:0,(anonymous_64)
FNDA:0,(anonymous_65)
FNDA:0,(anonymous_66)
FNDA:0,(anonymous_67)
FNDA:0,(anonymous_68)
DA:30,0
DA:111,0
DA:112,0
DA:113,0
DA:116,0
DA:117,0
DA:118,0
DA:119,0
DA:121,0
DA:122,0
DA:126,0
DA:127,0
DA:128,0
DA:132,0
DA:133,0
DA:134,0
DA:139,0
DA:140,0
DA:141,0
DA:145,0
DA:147,0
DA:148,0
DA:149,0
DA:153,0
DA:172,0
DA:173,0
DA:174,0
DA:175,0
DA:176,0
DA:178,0
DA:179,0
DA:182,0
DA:183,0
DA:184,0
DA:185,0
DA:186,0
DA:187,0
DA:188,0
DA:189,0
DA:191,0
DA:198,0
DA:216,0
DA:229,0
DA:274,0
DA:275,0
DA:276,0
DA:279,0
DA:280,0
DA:281,0
DA:282,0
DA:283,0
DA:284,0
DA:285,0
DA:288,0
DA:291,0
DA:298,0
DA:339,0
DA:343,0
DA:368,0
DA:369,0
DA:370,0
DA:371,0
DA:372,0
DA:373,0
DA:375,0
DA:376,0
DA:379,0
DA:380,0
DA:381,0
DA:384,0
DA:385,0
DA:387,0
DA:388,0
DA:394,0
DA:398,0
DA:402,0
DA:413,0
DA:414,0
DA:415,0
DA:417,0
DA:432,0
DA:438,0
DA:450,0
DA:469,0
DA:472,0
DA:479,0
DA:507,0
DA:508,0
DA:510,0
DA:511,0
DA:514,0
DA:515,0
DA:516,0
DA:519,0
DA:535,0
DA:544,0
DA:556,0
DA:557,0
DA:558,0
DA:559,0
DA:560,0
DA:561,0
DA:562,0
DA:563,0
DA:564,0
DA:566,0
DA:567,0
DA:568,0
DA:571,0
DA:572,0
DA:574,0
DA:576,0
DA:577,0
DA:578,0
DA:579,0
DA:580,0
DA:581,0
DA:582,0
DA:587,0
DA:588,0
DA:590,0
DA:591,0
DA:592,0
DA:597,0
DA:598,0
DA:599,0
DA:604,0
DA:605,0
DA:606,0
DA:607,0
DA:610,0
DA:611,0
DA:612,0
DA:613,0
DA:614,0
DA:615,0
DA:618,0
DA:619,0
DA:620,0
DA:621,0
DA:625,0
DA:626,0
DA:627,0
DA:628,0
DA:629,0
DA:630,0
DA:631,0
DA:635,0
DA:636,0
DA:637,0
DA:638,0
DA:639,0
DA:642,0
DA:643,0
DA:646,0
DA:651,0
DA:660,0
DA:713,0
DA:729,0
DA:730,0
DA:737,0
DA:739,0
DA:740,0
DA:743,0
DA:744,0
DA:745,0
DA:746,0
DA:747,0
DA:750,0
DA:775,0
DA:776,0
DA:777,0
DA:779,0
DA:780,0
DA:783,0
DA:784,0
DA:785,0
DA:786,0
DA:787,0
DA:790,0
DA:791,0
DA:797,0
DA:798,0
DA:801,0
DA:813,0
DA:814,0
DA:817,0
DA:843,0
DA:844,0
DA:871,0
DA:872,0
DA:873,0
DA:874,0
DA:875,0
DA:876,0
DA:877,0
DA:879,0
DA:880,0
DA:881,0
DA:883,0
DA:884,0
DA:885,0
DA:886,0
DA:887,0
DA:888,0
DA:889,0
DA:890,0
DA:892,0
DA:894,0
DA:898,0
DA:908,0
DA:930,0
DA:937,0
DA:944,0
LF:214
LH:0
BRDA:117,0,0,0
BRDA:117,0,1,0
BRDA:117,1,0,0
BRDA:117,1,1,0
BRDA:117,1,2,0
BRDA:121,2,0,0
BRDA:121,2,1,0
BRDA:121,3,0,0
BRDA:121,3,1,0
BRDA:133,4,0,0
BRDA:133,4,1,0
BRDA:133,5,0,0
BRDA:133,5,1,0
BRDA:140,6,0,0
BRDA:140,6,1,0
BRDA:140,7,0,0
BRDA:140,7,1,0
BRDA:140,7,2,0
BRDA:145,8,0,0
BRDA:145,8,1,0
BRDA:148,9,0,0
BRDA:148,9,1,0
BRDA:148,10,0,0
BRDA:148,10,1,0
BRDA:156,11,0,0
BRDA:156,11,1,0
BRDA:179,12,0,0
BRDA:179,12,1,0
BRDA:185,13,0,0
BRDA:185,13,1,0
BRDA:186,14,0,0
BRDA:186,14,1,0
BRDA:187,15,0,0
BRDA:187,15,1,0
BRDA:206,16,0,0
BRDA:206,16,1,0
BRDA:217,17,0,0
BRDA:217,17,1,0
BRDA:224,18,0,0
BRDA:224,18,1,0
BRDA:235,19,0,0
BRDA:235,19,1,0
BRDA:235,19,2,0
BRDA:235,19,3,0
BRDA:241,20,0,0
BRDA:241,20,1,0
BRDA:251,21,0,0
BRDA:251,21,1,0
BRDA:251,21,2,0
BRDA:251,21,3,0
BRDA:253,22,0,0
BRDA:253,22,1,0
BRDA:256,23,0,0
BRDA:256,23,1,0
BRDA:280,24,0,0
BRDA:280,24,1,0
BRDA:283,25,0,0
BRDA:283,25,1,0
BRDA:285,26,0,0
BRDA:285,26,1,0
BRDA:285,27,0,0
BRDA:285,27,1,0
BRDA:305,28,0,0
BRDA:305,28,1,0
BRDA:308,29,0,0
BRDA:308,29,1,0
BRDA:309,30,0,0
BRDA:309,30,1,0
BRDA:310,31,0,0
BRDA:310,31,1,0
BRDA:313,32,0,0
BRDA:313,32,1,0
BRDA:318,33,0,0
BRDA:318,33,1,0
BRDA:342,34,0,0
BRDA:342,34,1,0
BRDA:353,35,0,0
BRDA:353,35,1,0
BRDA:354,36,0,0
BRDA:354,36,1,0
BRDA:355,37,0,0
BRDA:355,37,1,0
BRDA:356,38,0,0
BRDA:356,38,1,0
BRDA:376,39,0,0
BRDA:376,39,1,0
BRDA:379,40,0,0
BRDA:379,40,1,0
BRDA:379,41,0,0
BRDA:379,41,1,0
BRDA:379,41,2,0
BRDA:392,42,0,0
BRDA:392,42,1,0
BRDA:404,43,0,0
BRDA:404,43,1,0
BRDA:413,44,0,0
BRDA:413,44,1,0
BRDA:418,45,0,0
BRDA:418,45,1,0
BRDA:428,46,0,0
BRDA:428,46,1,0
BRDA:431,47,0,0
BRDA:431,47,1,0
BRDA:437,48,0,0
BRDA:437,48,1,0
BRDA:445,49,0,0
BRDA:445,49,1,0
BRDA:449,50,0,0
BRDA:449,50,1,0
BRDA:459,51,0,0
BRDA:459,51,1,0
BRDA:459,51,2,0
BRDA:459,51,3,0
BRDA:466,52,0,0
BRDA:466,52,1,0
BRDA:478,53,0,0
BRDA:478,53,1,0
BRDA:482,54,0,0
BRDA:482,54,1,0
BRDA:514,55,0,0
BRDA:514,55,1,0
BRDA:516,56,0,0
BRDA:516,56,1,0
BRDA:521,57,0,0
BRDA:521,57,1,0
BRDA:521,58,0,0
BRDA:521,58,1,0
BRDA:529,59,0,0
BRDA:529,59,1,0
BRDA:541,60,0,0
BRDA:541,60,1,0
BRDA:566,61,0,0
BRDA:566,61,1,0
BRDA:568,62,0,0
BRDA:568,62,1,0
BRDA:572,63,0,0
BRDA:572,63,1,0
BRDA:572,64,0,0
BRDA:572,64,1,0
BRDA:579,65,0,0
BRDA:579,65,1,0
BRDA:580,66,0,0
BRDA:580,66,1,0
BRDA:588,67,0,0
BRDA:588,67,1,0
BRDA:592,68,0,0
BRDA:592,68,1,0
BRDA:598,69,0,0
BRDA:598,69,1,0
BRDA:598,70,0,0
BRDA:598,70,1,0
BRDA:598,70,2,0
BRDA:605,71,0,0
BRDA:605,71,1,0
BRDA:611,72,0,0
BRDA:611,72,1,0
BRDA:626,73,0,0
BRDA:626,73,1,0
BRDA:626,73,2,0
BRDA:626,73,3,0
BRDA:626,73,4,0
BRDA:626,73,5,0
BRDA:636,74,0,0
BRDA:636,74,1,0
BRDA:636,75,0,0
BRDA:636,75,1,0
BRDA:637,76,0,0
BRDA:637,76,1,0
BRDA:638,77,0,0
BRDA:638,77,1,0
BRDA:642,78,0,0
BRDA:642,78,1,0
BRDA:643,79,0,0
BRDA:643,79,1,0
BRDA:651,80,0,0
BRDA:651,80,1,0
BRDA:651,81,0,0
BRDA:651,81,1,0
BRDA:664,82,0,0
BRDA:664,82,1,0
BRDA:665,83,0,0
BRDA:665,83,1,0
BRDA:672,84,0,0
BRDA:672,84,1,0
BRDA:680,85,0,0
BRDA:680,85,1,0
BRDA:680,85,2,0
BRDA:684,86,0,0
BRDA:684,86,1,0
BRDA:697,87,0,0
BRDA:697,87,1,0
BRDA:698,88,0,0
BRDA:698,88,1,0
BRDA:702,89,0,0
BRDA:702,89,1,0
BRDA:705,90,0,0
BRDA:705,90,1,0
BRDA:708,91,0,0
BRDA:708,91,1,0
BRDA:737,92,0,0
BRDA:737,92,1,0
BRDA:739,93,0,0
BRDA:739,93,1,0
BRDA:740,94,0,0
BRDA:740,94,1,0
BRDA:744,95,0,0
BRDA:744,95,1,0
BRDA:745,96,0,0
BRDA:745,96,1,0
BRDA:746,97,0,0
BRDA:746,97,1,0
BRDA:758,98,0,0
BRDA:758,98,1,0
BRDA:763,99,0,0
BRDA:763,99,1,0
BRDA:784,100,0,0
BRDA:784,100,1,0
BRDA:785,101,0,0
BRDA:785,101,1,0
BRDA:786,102,0,0
BRDA:786,102,1,0
BRDA:797,103,0,0
BRDA:797,103,1,0
BRDA:809,104,0,0
BRDA:809,104,1,0
BRDA:810,105,0,0
BRDA:810,105,1,0
BRDA:825,106,0,0
BRDA:825,106,1,0
BRDA:827,107,0,0
BRDA:827,107,1,0
BRDA:843,108,0,0
BRDA:843,108,1,0
BRDA:847,109,0,0
BRDA:847,109,1,0
BRDA:848,110,0,0
BRDA:848,110,1,0
BRDA:850,111,0,0
BRDA:850,111,1,0
BRDA:852,112,0,0
BRDA:852,112,1,0
BRDA:845,113,0,0
BRDA:845,113,1,0
BRDA:881,114,0,0
BRDA:881,114,1,0
BRDA:881,115,0,0
BRDA:881,115,1,0
BRDA:892,116,0,0
BRDA:892,116,1,0
BRDA:904,117,0,0
BRDA:904,117,1,0
BRDA:906,118,0,0
BRDA:906,118,1,0
BRDA:908,119,0,0
BRDA:908,119,1,0
BRDA:912,120,0,0
BRDA:912,120,1,0
BRDA:948,121,0,0
BRDA:948,121,1,0
BRDA:948,121,2,0
BRDA:948,121,3,0
BRDA:951,122,0,0
BRDA:951,122,1,0
BRDA:952,123,0,0
BRDA:952,123,1,0
BRDA:953,124,0,0
BRDA:953,124,1,0
BRDA:960,125,0,0
BRDA:960,125,1,0
BRDA:960,125,2,0
BRDA:960,125,3,0
BRDA:960,125,4,0
BRDA:962,126,0,0
BRDA:962,126,1,0
BRF:274
BRH:0
end_of_record
TN:
SF:src\components\Dashboard\BridgeUsersTable.jsx
FN:24,BridgeUsersTable
FN:26,(anonymous_1)
FN:27,(anonymous_2)
FN:36,(anonymous_3)
FN:38,(anonymous_4)
FN:42,(anonymous_5)
FN:46,(anonymous_6)
FN:53,(anonymous_7)
FN:54,(anonymous_8)
FN:57,(anonymous_9)
FN:68,(anonymous_10)
FN:75,(anonymous_11)
FN:79,(anonymous_12)
FN:89,(anonymous_13)
FN:90,(anonymous_14)
FN:104,(anonymous_15)
FN:105,(anonymous_16)
FN:119,(anonymous_17)
FN:120,(anonymous_18)
FN:122,(anonymous_19)
FN:124,(anonymous_20)
FN:131,(anonymous_21)
FN:178,(anonymous_22)
FN:181,(anonymous_23)
FN:184,(anonymous_24)
FN:187,(anonymous_25)
FN:193,(anonymous_26)
FN:198,(anonymous_27)
FN:215,(anonymous_28)
FN:277,(anonymous_29)
FN:309,computeFromEnriched
FN:315,(anonymous_31)
FN:318,(anonymous_32)
FN:321,(anonymous_33)
FN:330,(anonymous_34)
FN:332,(anonymous_35)
FN:333,(anonymous_36)
FN:336,(anonymous_37)
FN:345,(anonymous_38)
FN:347,(anonymous_39)
FN:362,(anonymous_40)
FN:371,(anonymous_41)
FNF:42
FNH:0
FNDA:0,BridgeUsersTable
FNDA:0,(anonymous_1)
FNDA:0,(anonymous_2)
FNDA:0,(anonymous_3)
FNDA:0,(anonymous_4)
FNDA:0,(anonymous_5)
FNDA:0,(anonymous_6)
FNDA:0,(anonymous_7)
FNDA:0,(anonymous_8)
FNDA:0,(anonymous_9)
FNDA:0,(anonymous_10)
FNDA:0,(anonymous_11)
FNDA:0,(anonymous_12)
FNDA:0,(anonymous_13)
FNDA:0,(anonymous_14)
FNDA:0,(anonymous_15)
FNDA:0,(anonymous_16)
FNDA:0,(anonymous_17)
FNDA:0,(anonymous_18)
FNDA:0,(anonymous_19)
FNDA:0,(anonymous_20)
FNDA:0,(anonymous_21)
FNDA:0,(anonymous_22)
FNDA:0,(anonymous_23)
FNDA:0,(anonymous_24)
FNDA:0,(anonymous_25)
FNDA:0,(anonymous_26)
FNDA:0,(anonymous_27)
FNDA:0,(anonymous_28)
FNDA:0,(anonymous_29)
FNDA:0,computeFromEnriched
FNDA:0,(anonymous_31)
FNDA:0,(anonymous_32)
FNDA:0,(anonymous_33)
FNDA:0,(anonymous_34)
FNDA:0,(anonymous_35)
FNDA:0,(anonymous_36)
FNDA:0,(anonymous_37)
FNDA:0,(anonymous_38)
FNDA:0,(anonymous_39)
FNDA:0,(anonymous_40)
FNDA:0,(anonymous_41)
DA:18,0
DA:25,0
DA:26,0
DA:27,0
DA:28,0
DA:30,0
DA:31,0
DA:32,0
DA:33,0
DA:34,0
DA:36,0
DA:37,0
DA:38,0
DA:41,0
DA:42,0
DA:46,0
DA:48,0
DA:50,0
DA:51,0
DA:52,0
DA:53,0
DA:55,0
DA:56,0
DA:57,0
DA:58,0
DA:59,0
DA:61,0
DA:69,0
DA:70,0
DA:75,0
DA:77,0
DA:78,0
DA:79,0
DA:80,0
DA:83,0
DA:89,0
DA:90,0
DA:96,0
DA:97,0
DA:100,0
DA:104,0
DA:105,0
DA:107,0
DA:108,0
DA:109,0
DA:110,0
DA:111,0
DA:112,0
DA:114,0
DA:115,0
DA:119,0
DA:120,0
DA:122,0
DA:123,0
DA:124,0
DA:126,0
DA:127,0
DA:131,0
DA:132,0
DA:133,0
DA:136,0
DA:138,0
DA:178,0
DA:181,0
DA:184,0
DA:187,0
DA:193,0
DA:198,0
DA:215,0
DA:277,0
DA:310,0
DA:311,0
DA:312,0
DA:315,0
DA:317,0
DA:318,0
DA:319,0
DA:320,0
DA:321,0
DA:322,0
DA:323,0
DA:324,0
DA:325,0
DA:326,0
DA:330,0
DA:331,0
DA:332,0
DA:333,0
DA:334,0
DA:335,0
DA:336,0
DA:340,0
DA:341,0
DA:343,0
DA:344,0
DA:345,0
DA:346,0
DA:347,0
DA:348,0
DA:360,0
DA:361,0
DA:362,0
DA:364,0
DA:371,0
LF:104
LH:0
BRDA:38,0,0,0
BRDA:38,0,1,0
BRDA:41,1,0,0
BRDA:41,1,1,0
BRDA:48,2,0,0
BRDA:48,2,1,0
BRDA:50,3,0,0
BRDA:50,3,1,0
BRDA:55,4,0,0
BRDA:55,4,1,0
BRDA:59,5,0,0
BRDA:59,5,1,0
BRDA:63,6,0,0
BRDA:63,6,1,0
BRDA:65,7,0,0
BRDA:65,7,1,0
BRDA:66,8,0,0
BRDA:66,8,1,0
BRDA:72,9,0,0
BRDA:72,9,1,0
BRDA:90,10,0,0
BRDA:90,10,1,0
BRDA:96,11,0,0
BRDA:96,11,1,0
BRDA:107,12,0,0
BRDA:107,12,1,0
BRDA:107,12,2,0
BRDA:107,12,3,0
BRDA:107,12,4,0
BRDA:114,13,0,0
BRDA:114,13,1,0
BRDA:114,14,0,0
BRDA:114,14,1,0
BRDA:115,15,0,0
BRDA:115,15,1,0
BRDA:123,16,0,0
BRDA:123,16,1,0
BRDA:124,17,0,0
BRDA:124,17,1,0
BRDA:132,18,0,0
BRDA:132,18,1,0
BRDA:133,19,0,0
BRDA:133,19,1,0
BRDA:136,20,0,0
BRDA:136,20,1,0
BRDA:139,21,0,0
BRDA:139,21,1,0
BRDA:178,22,0,0
BRDA:178,22,1,0
BRDA:181,23,0,0
BRDA:181,23,1,0
BRDA:184,24,0,0
BRDA:184,24,1,0
BRDA:187,25,0,0
BRDA:187,25,1,0
BRDA:196,26,0,0
BRDA:196,26,1,0
BRDA:198,27,0,0
BRDA:198,27,1,0
BRDA:203,28,0,0
BRDA:203,28,1,0
BRDA:220,29,0,0
BRDA:220,29,1,0
BRDA:221,30,0,0
BRDA:221,30,1,0
BRDA:222,31,0,0
BRDA:222,31,1,0
BRDA:225,32,0,0
BRDA:225,32,1,0
BRDA:228,33,0,0
BRDA:228,33,1,0
BRDA:272,34,0,0
BRDA:272,34,1,0
BRDA:280,35,0,0
BRDA:280,35,1,0
BRDA:287,36,0,0
BRDA:287,36,1,0
BRDA:310,37,0,0
BRDA:310,38,0,0
BRDA:310,39,0,0
BRDA:311,40,0,0
BRDA:311,40,1,0
BRDA:311,41,0,0
BRDA:311,41,1,0
BRDA:319,42,0,0
BRDA:319,42,1,0
BRDA:320,43,0,0
BRDA:320,43,1,0
BRDA:320,44,0,0
BRDA:320,44,1,0
BRDA:321,45,0,0
BRDA:321,45,1,0
BRDA:322,46,0,0
BRDA:322,46,1,0
BRDA:323,47,0,0
BRDA:323,47,1,0
BRDA:326,48,0,0
BRDA:326,48,1,0
BRDA:331,49,0,0
BRDA:331,49,1,0
BRDA:332,50,0,0
BRDA:332,50,1,0
BRDA:333,51,0,0
BRDA:333,51,1,0
BRDA:334,52,0,0
BRDA:334,52,1,0
BRDA:335,53,0,0
BRDA:335,53,1,0
BRDA:344,54,0,0
BRDA:344,54,1,0
BRDA:350,55,0,0
BRDA:350,55,1,0
BRDA:352,56,0,0
BRDA:352,56,1,0
BRDA:353,57,0,0
BRDA:353,57,1,0
BRDA:371,58,0,0
BRDA:371,58,1,0
BRF:118
BRH:0
end_of_record
TN:
SF:src\components\Dashboard\ChartsSection.jsx
FN:64,StaggeredTick
FN:85,useScrollAnimation
FN:90,(anonymous_2)
FN:99,(anonymous_3)
FN:118,FilterBadge
FN:127,(anonymous_5)
FN:136,(anonymous_6)
FN:139,(anonymous_7)
FN:145,(anonymous_8)
FN:153,(anonymous_9)
FN:160,(anonymous_10)
FN:163,(anonymous_11)
FN:175,(anonymous_12)
FN:181,(anonymous_13)
FN:214,ChartsSection
FN:279,(anonymous_15)
FN:281,(anonymous_16)
FN:282,(anonymous_17)
FN:286,(anonymous_18)
FN:288,(anonymous_19)
FN:289,(anonymous_20)
FN:294,(anonymous_21)
FN:296,(anonymous_22)
FN:297,(anonymous_23)
FN:300,(anonymous_24)
FN:309,(anonymous_25)
FN:310,(anonymous_26)
FN:311,(anonymous_27)
FN:312,(anonymous_28)
FN:313,(anonymous_29)
FN:314,(anonymous_30)
FN:315,(anonymous_31)
FN:316,(anonymous_32)
FN:321,(anonymous_33)
FN:325,(anonymous_34)
FN:326,(anonymous_35)
FN:329,(anonymous_36)
FN:330,(anonymous_37)
FN:334,(anonymous_38)
FN:335,(anonymous_39)
FN:339,(anonymous_40)
FN:349,(anonymous_41)
FN:350,(anonymous_42)
FN:361,(anonymous_43)
FN:367,(anonymous_44)
FN:375,(anonymous_45)
FN:376,(anonymous_46)
FN:377,(anonymous_47)
FN:385,(anonymous_48)
FN:387,(anonymous_49)
FN:388,(anonymous_50)
FN:392,(anonymous_51)
FN:394,(anonymous_52)
FN:400,(anonymous_53)
FN:405,(anonymous_54)
FN:406,(anonymous_55)
FN:429,(anonymous_56)
FN:437,(anonymous_57)
FN:439,(anonymous_58)
FN:446,(anonymous_59)
FN:451,(anonymous_60)
FN:455,(anonymous_61)
FN:471,(anonymous_62)
FN:507,(anonymous_63)
FN:532,(anonymous_64)
FN:552,(anonymous_65)
FN:557,(anonymous_66)
FN:568,(anonymous_67)
FN:576,(anonymous_68)
FN:595,(anonymous_69)
FN:624,(anonymous_70)
FN:655,(anonymous_71)
FN:656,(anonymous_72)
FN:663,(anonymous_73)
FN:691,(anonymous_74)
FN:702,(anonymous_75)
FN:729,(anonymous_76)
FN:762,(anonymous_77)
FN:774,(anonymous_78)
FN:795,(anonymous_79)
FN:845,(anonymous_80)
FN:872,(anonymous_81)
FN:888,(anonymous_82)
FN:891,(anonymous_83)
FN:897,(anonymous_84)
FN:906,(anonymous_85)
FN:914,(anonymous_86)
FN:915,(anonymous_87)
FN:926,(anonymous_88)
FN:983,(anonymous_89)
FN:1003,(anonymous_90)
FN:1017,(anonymous_91)
FN:1020,(anonymous_92)
FN:1027,(anonymous_93)
FN:1041,(anonymous_94)
FN:1042,(anonymous_95)
FN:1060,(anonymous_96)
FN:1062,(anonymous_97)
FN:1065,(anonymous_98)
FN:1076,(anonymous_99)
FN:1080,(anonymous_100)
FN:1082,(anonymous_101)
FN:1085,(anonymous_102)
FN:1096,(anonymous_103)
FN:1103,(anonymous_104)
FN:1108,(anonymous_105)
FN:1112,(anonymous_106)
FN:1152,(anonymous_107)
FN:1157,(anonymous_108)
FN:1158,(anonymous_109)
FN:1160,(anonymous_110)
FN:1166,(anonymous_111)
FN:1204,(anonymous_112)
FN:1206,(anonymous_113)
FN:1213,(anonymous_114)
FN:1223,(anonymous_115)
FN:1237,(anonymous_116)
FN:1253,(anonymous_117)
FN:1270,(anonymous_118)
FN:1286,(anonymous_119)
FN:1296,(anonymous_120)
FN:1302,(anonymous_121)
FN:1339,(anonymous_122)
FN:1371,(anonymous_123)
FN:1376,(anonymous_124)
FN:1417,(anonymous_125)
FN:1436,(anonymous_126)
FN:1457,(anonymous_127)
FN:1480,(anonymous_128)
FN:1491,(anonymous_129)
FN:1500,(anonymous_130)
FN:1517,(anonymous_131)
FN:1546,(anonymous_132)
FN:1548,(anonymous_133)
FN:1556,(anonymous_134)
FN:1559,(anonymous_135)
FN:1560,(anonymous_136)
FN:1566,(anonymous_137)
FN:1571,(anonymous_138)
FN:1574,(anonymous_139)
FN:1577,(anonymous_140)
FN:1580,(anonymous_141)
FN:1585,(anonymous_142)
FN:1592,(anonymous_143)
FN:1602,(anonymous_144)
FN:1604,(anonymous_145)
FN:1617,(anonymous_146)
FN:1619,(anonymous_147)
FN:1621,(anonymous_148)
FN:1625,(anonymous_149)
FN:1633,(anonymous_150)
FN:1646,(anonymous_151)
FN:1647,(anonymous_152)
FN:1651,(anonymous_153)
FN:1652,(anonymous_154)
FN:1679,(anonymous_155)
FN:1728,(anonymous_156)
FN:1729,(anonymous_157)
FN:1733,(anonymous_158)
FN:1734,(anonymous_159)
FN:1746,(anonymous_160)
FN:1746,(anonymous_161)
FN:1831,(anonymous_162)
FN:1836,(anonymous_163)
FN:1836,(anonymous_164)
FN:1882,(anonymous_165)
FN:1923,(anonymous_166)
FN:1931,(anonymous_167)
FN:1931,(anonymous_168)
FN:1932,(anonymous_169)
FN:1955,(anonymous_170)
FN:1959,(anonymous_171)
FN:1990,(anonymous_172)
FN:1996,(anonymous_173)
FN:2004,(anonymous_174)
FN:2041,(anonymous_175)
FN:2049,(anonymous_176)
FN:2049,(anonymous_177)
FN:2050,(anonymous_178)
FN:2071,(anonymous_179)
FN:2075,(anonymous_180)
FN:2107,(anonymous_181)
FN:2115,(anonymous_182)
FN:2159,(anonymous_183)
FN:2159,(anonymous_184)
FN:2160,(anonymous_185)
FN:2177,(anonymous_186)
FN:2181,(anonymous_187)
FN:2199,(anonymous_188)
FN:2199,(anonymous_189)
FN:2200,(anonymous_190)
FN:2223,(anonymous_191)
FN:2227,(anonymous_192)
FN:2248,(anonymous_193)
FN:2248,(anonymous_194)
FN:2280,(anonymous_195)
FN:2283,(anonymous_196)
FN:2317,(anonymous_197)
FN:2338,(anonymous_198)
FN:2365,(anonymous_199)
FN:2366,(anonymous_200)
FN:2372,(anonymous_201)
FN:2393,(anonymous_202)
FN:2421,(anonymous_203)
FN:2429,(anonymous_204)
FN:2433,(anonymous_205)
FN:2457,(anonymous_206)
FN:2483,(anonymous_207)
FN:2509,(anonymous_208)
FN:2517,(anonymous_209)
FN:2544,(anonymous_210)
FN:2564,(anonymous_211)
FN:2602,(anonymous_212)
FN:2603,(anonymous_213)
FN:2608,(anonymous_214)
FN:2611,(anonymous_215)
FN:2617,(anonymous_216)
FN:2618,(anonymous_217)
FN:2653,(anonymous_218)
FN:2661,(anonymous_219)
FN:2662,(anonymous_220)
FN:2706,(anonymous_221)
FN:2745,(anonymous_222)
FN:2781,(anonymous_223)
FN:2829,(anonymous_224)
FN:2840,(anonymous_225)
FN:2984,(anonymous_226)
FN:2993,(anonymous_227)
FN:2999,(anonymous_228)
FN:3015,(anonymous_229)
FN:3019,(anonymous_230)
FN:3093,(anonymous_231)
FN:3104,(anonymous_232)
FN:3105,(anonymous_233)
FN:3110,(anonymous_234)
FN:3118,(anonymous_235)
FN:3118,(anonymous_236)
FN:3119,(anonymous_237)
FN:3138,(anonymous_238)
FN:3146,(anonymous_239)
FN:3207,(anonymous_240)
FN:3242,(anonymous_241)
FN:3259,(anonymous_242)
FN:3286,(anonymous_243)
FN:3286,(anonymous_244)
FN:3364,(anonymous_245)
FN:3368,(anonymous_246)
FN:3382,(anonymous_247)
FN:3386,(anonymous_248)
FN:3418,(anonymous_249)
FN:3427,(anonymous_250)
FN:3441,(anonymous_251)
FNF:252
FNH:0
FNDA:0,StaggeredTick
FNDA:0,useScrollAnimation
FNDA:0,(anonymous_2)
FNDA:0,(anonymous_3)
FNDA:0,FilterBadge
FNDA:0,(anonymous_5)
FNDA:0,(anonymous_6)
FNDA:0,(anonymous_7)
FNDA:0,(anonymous_8)
FNDA:0,(anonymous_9)
FNDA:0,(anonymous_10)
FNDA:0,(anonymous_11)
FNDA:0,(anonymous_12)
FNDA:0,(anonymous_13)
FNDA:0,ChartsSection
FNDA:0,(anonymous_15)
FNDA:0,(anonymous_16)
FNDA:0,(anonymous_17)
FNDA:0,(anonymous_18)
FNDA:0,(anonymous_19)
FNDA:0,(anonymous_20)
FNDA:0,(anonymous_21)
FNDA:0,(anonymous_22)
FNDA:0,(anonymous_23)
FNDA:0,(anonymous_24)
FNDA:0,(anonymous_25)
FNDA:0,(anonymous_26)
FNDA:0,(anonymous_27)
FNDA:0,(anonymous_28)
FNDA:0,(anonymous_29)
FNDA:0,(anonymous_30)
FNDA:0,(anonymous_31)
FNDA:0,(anonymous_32)
FNDA:0,(anonymous_33)
FNDA:0,(anonymous_34)
FNDA:0,(anonymous_35)
FNDA:0,(anonymous_36)
FNDA:0,(anonymous_37)
FNDA:0,(anonymous_38)
FNDA:0,(anonymous_39)
FNDA:0,(anonymous_40)
FNDA:0,(anonymous_41)
FNDA:0,(anonymous_42)
FNDA:0,(anonymous_43)
FNDA:0,(anonymous_44)
FNDA:0,(anonymous_45)
FNDA:0,(anonymous_46)
FNDA:0,(anonymous_47)
FNDA:0,(anonymous_48)
FNDA:0,(anonymous_49)
FNDA:0,(anonymous_50)
FNDA:0,(anonymous_51)
FNDA:0,(anonymous_52)
FNDA:0,(anonymous_53)
FNDA:0,(anonymous_54)
FNDA:0,(anonymous_55)
FNDA:0,(anonymous_56)
FNDA:0,(anonymous_57)
FNDA:0,(anonymous_58)
FNDA:0,(anonymous_59)
FNDA:0,(anonymous_60)
FNDA:0,(anonymous_61)
FNDA:0,(anonymous_62)
FNDA:0,(anonymous_63)
FNDA:0,(anonymous_64)
FNDA:0,(anonymous_65)
FNDA:0,(anonymous_66)
FNDA:0,(anonymous_67)
FNDA:0,(anonymous_68)
FNDA:0,(anonymous_69)
FNDA:0,(anonymous_70)
FNDA:0,(anonymous_71)
FNDA:0,(anonymous_72)
FNDA:0,(anonymous_73)
FNDA:0,(anonymous_74)
FNDA:0,(anonymous_75)
FNDA:0,(anonymous_76)
FNDA:0,(anonymous_77)
FNDA:0,(anonymous_78)
FNDA:0,(anonymous_79)
FNDA:0,(anonymous_80)
FNDA:0,(anonymous_81)
FNDA:0,(anonymous_82)
FNDA:0,(anonymous_83)
FNDA:0,(anonymous_84)
FNDA:0,(anonymous_85)
FNDA:0,(anonymous_86)
FNDA:0,(anonymous_87)
FNDA:0,(anonymous_88)
FNDA:0,(anonymous_89)
FNDA:0,(anonymous_90)
FNDA:0,(anonymous_91)
FNDA:0,(anonymous_92)
FNDA:0,(anonymous_93)
FNDA:0,(anonymous_94)
FNDA:0,(anonymous_95)
FNDA:0,(anonymous_96)
FNDA:0,(anonymous_97)
FNDA:0,(anonymous_98)
FNDA:0,(anonymous_99)
FNDA:0,(anonymous_100)
FNDA:0,(anonymous_101)
FNDA:0,(anonymous_102)
FNDA:0,(anonymous_103)
FNDA:0,(anonymous_104)
FNDA:0,(anonymous_105)
FNDA:0,(anonymous_106)
FNDA:0,(anonymous_107)
FNDA:0,(anonymous_108)
FNDA:0,(anonymous_109)
FNDA:0,(anonymous_110)
FNDA:0,(anonymous_111)
FNDA:0,(anonymous_112)
FNDA:0,(anonymous_113)
FNDA:0,(anonymous_114)
FNDA:0,(anonymous_115)
FNDA:0,(anonymous_116)
FNDA:0,(anonymous_117)
FNDA:0,(anonymous_118)
FNDA:0,(anonymous_119)
FNDA:0,(anonymous_120)
FNDA:0,(anonymous_121)
FNDA:0,(anonymous_122)
FNDA:0,(anonymous_123)
FNDA:0,(anonymous_124)
FNDA:0,(anonymous_125)
FNDA:0,(anonymous_126)
FNDA:0,(anonymous_127)
FNDA:0,(anonymous_128)
FNDA:0,(anonymous_129)
FNDA:0,(anonymous_130)
FNDA:0,(anonymous_131)
FNDA:0,(anonymous_132)
FNDA:0,(anonymous_133)
FNDA:0,(anonymous_134)
FNDA:0,(anonymous_135)
FNDA:0,(anonymous_136)
FNDA:0,(anonymous_137)
FNDA:0,(anonymous_138)
FNDA:0,(anonymous_139)
FNDA:0,(anonymous_140)
FNDA:0,(anonymous_141)
FNDA:0,(anonymous_142)
FNDA:0,(anonymous_143)
FNDA:0,(anonymous_144)
FNDA:0,(anonymous_145)
FNDA:0,(anonymous_146)
FNDA:0,(anonymous_147)
FNDA:0,(anonymous_148)
FNDA:0,(anonymous_149)
FNDA:0,(anonymous_150)
FNDA:0,(anonymous_151)
FNDA:0,(anonymous_152)
FNDA:0,(anonymous_153)
FNDA:0,(anonymous_154)
FNDA:0,(anonymous_155)
FNDA:0,(anonymous_156)
FNDA:0,(anonymous_157)
FNDA:0,(anonymous_158)
FNDA:0,(anonymous_159)
FNDA:0,(anonymous_160)
FNDA:0,(anonymous_161)
FNDA:0,(anonymous_162)
FNDA:0,(anonymous_163)
FNDA:0,(anonymous_164)
FNDA:0,(anonymous_165)
FNDA:0,(anonymous_166)
FNDA:0,(anonymous_167)
FNDA:0,(anonymous_168)
FNDA:0,(anonymous_169)
FNDA:0,(anonymous_170)
FNDA:0,(anonymous_171)
FNDA:0,(anonymous_172)
FNDA:0,(anonymous_173)
FNDA:0,(anonymous_174)
FNDA:0,(anonymous_175)
FNDA:0,(anonymous_176)
FNDA:0,(anonymous_177)
FNDA:0,(anonymous_178)
FNDA:0,(anonymous_179)
FNDA:0,(anonymous_180)
FNDA:0,(anonymous_181)
FNDA:0,(anonymous_182)
FNDA:0,(anonymous_183)
FNDA:0,(anonymous_184)
FNDA:0,(anonymous_185)
FNDA:0,(anonymous_186)
FNDA:0,(anonymous_187)
FNDA:0,(anonymous_188)
FNDA:0,(anonymous_189)
FNDA:0,(anonymous_190)
FNDA:0,(anonymous_191)
FNDA:0,(anonymous_192)
FNDA:0,(anonymous_193)
FNDA:0,(anonymous_194)
FNDA:0,(anonymous_195)
FNDA:0,(anonymous_196)
FNDA:0,(anonymous_197)
FNDA:0,(anonymous_198)
FNDA:0,(anonymous_199)
FNDA:0,(anonymous_200)
FNDA:0,(anonymous_201)
FNDA:0,(anonymous_202)
FNDA:0,(anonymous_203)
FNDA:0,(anonymous_204)
FNDA:0,(anonymous_205)
FNDA:0,(anonymous_206)
FNDA:0,(anonymous_207)
FNDA:0,(anonymous_208)
FNDA:0,(anonymous_209)
FNDA:0,(anonymous_210)
FNDA:0,(anonymous_211)
FNDA:0,(anonymous_212)
FNDA:0,(anonymous_213)
FNDA:0,(anonymous_214)
FNDA:0,(anonymous_215)
FNDA:0,(anonymous_216)
FNDA:0,(anonymous_217)
FNDA:0,(anonymous_218)
FNDA:0,(anonymous_219)
FNDA:0,(anonymous_220)
FNDA:0,(anonymous_221)
FNDA:0,(anonymous_222)
FNDA:0,(anonymous_223)
FNDA:0,(anonymous_224)
FNDA:0,(anonymous_225)
FNDA:0,(anonymous_226)
FNDA:0,(anonymous_227)
FNDA:0,(anonymous_228)
FNDA:0,(anonymous_229)
FNDA:0,(anonymous_230)
FNDA:0,(anonymous_231)
FNDA:0,(anonymous_232)
FNDA:0,(anonymous_233)
FNDA:0,(anonymous_234)
FNDA:0,(anonymous_235)
FNDA:0,(anonymous_236)
FNDA:0,(anonymous_237)
FNDA:0,(anonymous_238)
FNDA:0,(anonymous_239)
FNDA:0,(anonymous_240)
FNDA:0,(anonymous_241)
FNDA:0,(anonymous_242)
FNDA:0,(anonymous_243)
FNDA:0,(anonymous_244)
FNDA:0,(anonymous_245)
FNDA:0,(anonymous_246)
FNDA:0,(anonymous_247)
FNDA:0,(anonymous_248)
FNDA:0,(anonymous_249)
FNDA:0,(anonymous_250)
FNDA:0,(anonymous_251)
DA:42,0
DA:52,0
DA:65,0
DA:66,0
DA:67,0
DA:68,0
DA:86,0
DA:87,0
DA:90,0
DA:92,0
DA:93,0
DA:94,0
DA:96,0
DA:98,0
DA:100,0
DA:101,0
DA:102,0
DA:107,0
DA:108,0
DA:111,0
DA:119,0
DA:120,0
DA:121,0
DA:122,0
DA:123,0
DA:124,0
DA:125,0
DA:127,0
DA:129,0
DA:130,0
DA:133,0
DA:134,0
DA:135,0
DA:136,0
DA:137,0
DA:138,0
DA:139,0
DA:140,0
DA:141,0
DA:143,0
DA:144,0
DA:145,0
DA:146,0
DA:147,0
DA:151,0
DA:153,0
DA:154,0
DA:155,0
DA:160,0
DA:161,0
DA:162,0
DA:163,0
DA:164,0
DA:165,0
DA:166,0
DA:167,0
DA:169,0
DA:172,0
DA:173,0
DA:174,0
DA:175,0
DA:179,0
DA:181,0
DA:182,0
DA:183,0
DA:184,0
DA:186,0
DA:187,0
DA:189,0
DA:192,0
DA:215,0
DA:235,0
DA:238,0
DA:239,0
DA:240,0
DA:241,0
DA:242,0
DA:243,0
DA:244,0
DA:245,0
DA:246,0
DA:247,0
DA:248,0
DA:249,0
DA:250,0
DA:253,0
DA:254,0
DA:255,0
DA:256,0
DA:257,0
DA:260,0
DA:261,0
DA:264,0
DA:265,0
DA:266,0
DA:267,0
DA:268,0
DA:271,0
DA:272,0
DA:273,0
DA:276,0
DA:277,0
DA:279,0
DA:280,0
DA:281,0
DA:282,0
DA:286,0
DA:287,0
DA:288,0
DA:289,0
DA:294,0
DA:295,0
DA:296,0
DA:297,0
DA:298,0
DA:299,0
DA:300,0
DA:301,0
DA:302,0
DA:309,0
DA:310,0
DA:311,0
DA:312,0
DA:313,0
DA:314,0
DA:315,0
DA:316,0
DA:321,0
DA:322,0
DA:324,0
DA:325,0
DA:326,0
DA:329,0
DA:330,0
DA:334,0
DA:335,0
DA:336,0
DA:339,0
DA:340,0
DA:341,0
DA:344,0
DA:345,0
DA:346,0
DA:347,0
DA:348,0
DA:349,0
DA:350,0
DA:351,0
DA:352,0
DA:355,0
DA:359,0
DA:360,0
DA:361,0
DA:362,0
DA:366,0
DA:367,0
DA:368,0
DA:369,0
DA:374,0
DA:375,0
DA:376,0
DA:377,0
DA:381,0
DA:382,0
DA:385,0
DA:386,0
DA:387,0
DA:388,0
DA:391,0
DA:392,0
DA:393,0
DA:394,0
DA:399,0
DA:400,0
DA:401,0
DA:402,0
DA:404,0
DA:405,0
DA:406,0
DA:408,0
DA:417,0
DA:420,0
DA:423,0
DA:424,0
DA:425,0
DA:429,0
DA:430,0
DA:431,0
DA:432,0
DA:435,0
DA:436,0
DA:437,0
DA:438,0
DA:439,0
DA:441,0
DA:443,0
DA:446,0
DA:447,0
DA:451,0
DA:452,0
DA:454,0
DA:455,0
DA:456,0
DA:457,0
DA:462,0
DA:467,0
DA:468,0
DA:469,0
DA:471,0
DA:473,0
DA:474,0
DA:475,0
DA:476,0
DA:477,0
DA:481,0
DA:485,0
DA:490,0
DA:491,0
DA:494,0
DA:500,0
DA:503,0
DA:505,0
DA:507,0
DA:508,0
DA:509,0
DA:510,0
DA:511,0
DA:514,0
DA:515,0
DA:519,0
DA:522,0
DA:523,0
DA:524,0
DA:525,0
DA:527,0
DA:528,0
DA:530,0
DA:532,0
DA:538,0
DA:541,0
DA:544,0
DA:546,0
DA:550,0
DA:552,0
DA:556,0
DA:557,0
DA:558,0
DA:559,0
DA:560,0
DA:561,0
DA:562,0
DA:568,0
DA:569,0
DA:570,0
DA:571,0
DA:572,0
DA:576,0
DA:577,0
DA:578,0
DA:579,0
DA:580,0
DA:587,0
DA:595,0
DA:596,0
DA:599,0
DA:609,0
DA:610,0
DA:611,0
DA:612,0
DA:614,0
DA:615,0
DA:617,0
DA:618,0
DA:623,0
DA:624,0
DA:652,0
DA:653,0
DA:655,0
DA:656,0
DA:657,0
DA:659,0
DA:663,0
DA:689,0
DA:690,0
DA:691,0
DA:696,0
DA:702,0
DA:704,0
DA:713,0
DA:715,0
DA:716,0
DA:717,0
DA:719,0
DA:724,0
DA:725,0
DA:728,0
DA:729,0
DA:762,0
DA:767,0
DA:774,0
DA:775,0
DA:776,0
DA:777,0
DA:778,0
DA:779,0
DA:781,0
DA:782,0
DA:791,0
DA:795,0
DA:798,0
DA:800,0
DA:806,0
DA:808,0
DA:809,0
DA:845,0
DA:846,0
DA:847,0
DA:848,0
DA:849,0
DA:852,0
DA:853,0
DA:854,0
DA:855,0
DA:856,0
DA:857,0
DA:858,0
DA:859,0
DA:864,0
DA:865,0
DA:866,0
DA:867,0
DA:869,0
DA:872,0
DA:873,0
DA:876,0
DA:877,0
DA:878,0
DA:880,0
DA:881,0
DA:884,0
DA:885,0
DA:888,0
DA:890,0
DA:891,0
DA:897,0
DA:898,0
DA:901,0
DA:902,0
DA:905,0
DA:906,0
DA:907,0
DA:908,0
DA:909,0
DA:913,0
DA:914,0
DA:915,0
DA:919,0
DA:920,0
DA:921,0
DA:924,0
DA:925,0
DA:926,0
DA:928,0
DA:938,0
DA:939,0
DA:942,0
DA:950,0
DA:958,0
DA:966,0
DA:974,0
DA:983,0
DA:985,0
DA:987,0
DA:991,0
DA:992,0
DA:993,0
DA:994,0
DA:995,0
DA:996,0
DA:997,0
DA:998,0
DA:999,0
DA:1003,0
DA:1004,0
DA:1005,0
DA:1006,0
DA:1007,0
DA:1009,0
DA:1014,0
DA:1017,0
DA:1018,0
DA:1019,0
DA:1020,0
DA:1027,0
DA:1030,0
DA:1031,0
DA:1032,0
DA:1033,0
DA:1034,0
DA:1035,0
DA:1037,0
DA:1040,0
DA:1041,0
DA:1042,0
DA:1043,0
DA:1052,0
DA:1056,0
DA:1057,0
DA:1060,0
DA:1061,0
DA:1062,0
DA:1063,0
DA:1064,0
DA:1065,0
DA:1066,0
DA:1067,0
DA:1068,0
DA:1069,0
DA:1070,0
DA:1071,0
DA:1072,0
DA:1073,0
DA:1076,0
DA:1080,0
DA:1081,0
DA:1082,0
DA:1083,0
DA:1084,0
DA:1085,0
DA:1086,0
DA:1087,0
DA:1088,0
DA:1089,0
DA:1090,0
DA:1091,0
DA:1092,0
DA:1093,0
DA:1096,0
DA:1101,0
DA:1103,0
DA:1104,0
DA:1106,0
DA:1108,0
DA:1109,0
DA:1110,0
DA:1112,0
DA:1113,0
DA:1114,0
DA:1116,0
DA:1117,0
DA:1118,0
DA:1120,0
DA:1121,0
DA:1122,0
DA:1123,0
DA:1124,0
DA:1127,0
DA:1128,0
DA:1129,0
DA:1130,0
DA:1137,0
DA:1141,0
DA:1142,0
DA:1143,0
DA:1144,0
DA:1145,0
DA:1146,0
DA:1149,0
DA:1152,0
DA:1156,0
DA:1157,0
DA:1158,0
DA:1159,0
DA:1160,0
DA:1166,0
DA:1167,0
DA:1169,0
DA:1170,0
DA:1171,0
DA:1172,0
DA:1173,0
DA:1174,0
DA:1175,0
DA:1176,0
DA:1190,0
DA:1191,0
DA:1192,0
DA:1193,0
DA:1194,0
DA:1201,0
DA:1204,0
DA:1205,0
DA:1206,0
DA:1207,0
DA:1208,0
DA:1213,0
DA:1214,0
DA:1215,0
DA:1216,0
DA:1217,0
DA:1218,0
DA:1219,0
DA:1223,0
DA:1224,0
DA:1225,0
DA:1226,0
DA:1227,0
DA:1228,0
DA:1229,0
DA:1230,0
DA:1231,0
DA:1232,0
DA:1233,0
DA:1234,0
DA:1237,0
DA:1238,0
DA:1239,0
DA:1241,0
DA:1243,0
DA:1244,0
DA:1246,0
DA:1249,0
DA:1253,0
DA:1254,0
DA:1255,0
DA:1257,0
DA:1259,0
DA:1260,0
DA:1262,0
DA:1265,0
DA:1270,0
DA:1271,0
DA:1272,0
DA:1274,0
DA:1276,0
DA:1277,0
DA:1279,0
DA:1282,0
DA:1286,0
DA:1287,0
DA:1288,0
DA:1289,0
DA:1291,0
DA:1296,0
DA:1297,0
DA:1298,0
DA:1302,0
DA:1303,0
DA:1304,0
DA:1305,0
DA:1335,0
DA:1339,0
DA:1340,0
DA:1341,0
DA:1342,0
DA:1367,0
DA:1371,0
DA:1372,0
DA:1373,0
DA:1375,0
DA:1376,0
DA:1379,0
DA:1417,0
DA:1432,0
DA:1436,0
DA:1437,0
DA:1438,0
DA:1439,0
DA:1440,0
DA:1457,0
DA:1475,0
DA:1480,0
DA:1482,0
DA:1483,0
DA:1484,0
DA:1486,0
DA:1487,0
DA:1488,0
DA:1489,0
DA:1490,0
DA:1491,0
DA:1493,0
DA:1495,0
DA:1496,0
DA:1500,0
DA:1501,0
DA:1502,0
DA:1503,0
DA:1505,0
DA:1517,0
DA:1536,0
DA:1540,0
DA:1541,0
DA:1542,0
DA:1543,0
DA:1546,0
DA:1547,0
DA:1548,0
DA:1549,0
DA:1550,0
DA:1555,0
DA:1556,0
DA:1557,0
DA:1558,0
DA:1559,0
DA:1560,0
DA:1562,0
DA:1566,0
DA:1567,0
DA:1568,0
DA:1569,0
DA:1570,0
DA:1571,0
DA:1574,0
DA:1575,0
DA:1576,0
DA:1577,0
DA:1580,0
DA:1581,0
DA:1583,0
DA:1584,0
DA:1585,0
DA:1586,0
DA:1591,0
DA:1592,0
DA:1593,0
DA:1602,0
DA:1603,0
DA:1604,0
DA:1606,0
DA:1607,0
DA:1612,0
DA:1617,0
DA:1618,0
DA:1619,0
DA:1620,0
DA:1621,0
DA:1625,0
DA:1626,0
DA:1627,0
DA:1628,0
DA:1630,0
DA:1631,0
DA:1633,0
DA:1634,0
DA:1635,0
DA:1639,0
DA:1646,0
DA:1647,0
DA:1651,0
DA:1652,0
DA:1679,0
DA:1728,0
DA:1729,0
DA:1733,0
DA:1734,0
DA:1746,0
DA:1831,0
DA:1836,0
DA:1882,0
DA:1923,0
DA:1931,0
DA:1933,0
DA:1934,0
DA:1955,0
DA:1960,0
DA:1961,0
DA:1962,0
DA:1990,0
DA:1996,0
DA:2004,0
DA:2041,0
DA:2049,0
DA:2051,0
DA:2052,0
DA:2071,0
DA:2076,0
DA:2077,0
DA:2078,0
DA:2107,0
DA:2115,0
DA:2159,0
DA:2161,0
DA:2162,0
DA:2177,0
DA:2182,0
DA:2183,0
DA:2184,0
DA:2199,0
DA:2201,0
DA:2202,0
DA:2223,0
DA:2228,0
DA:2229,0
DA:2230,0
DA:2248,0
DA:2280,0
DA:2283,0
DA:2317,0
DA:2338,0
DA:2365,0
DA:2366,0
DA:2373,0
DA:2374,0
DA:2375,0
DA:2376,0
DA:2377,0
DA:2393,0
DA:2421,0
DA:2429,0
DA:2433,0
DA:2457,0
DA:2484,0
DA:2485,0
DA:2486,0
DA:2509,0
DA:2517,0
DA:2545,0
DA:2546,0
DA:2547,0
DA:2548,0
DA:2549,0
DA:2565,0
DA:2566,0
DA:2567,0
DA:2602,0
DA:2603,0
DA:2608,0
DA:2611,0
DA:2617,0
DA:2618,0
DA:2654,0
DA:2655,0
DA:2656,0
DA:2657,0
DA:2662,0
DA:2663,0
DA:2664,0
DA:2666,0
DA:2667,0
DA:2668,0
DA:2669,0
DA:2671,0
DA:2672,0
DA:2706,0
DA:2746,0
DA:2747,0
DA:2748,0
DA:2750,0
DA:2770,0
DA:2771,0
DA:2772,0
DA:2774,0
DA:2781,0
DA:2830,0
DA:2831,0
DA:2832,0
DA:2833,0
DA:2834,0
DA:2835,0
DA:2836,0
DA:2837,0
DA:2838,0
DA:2840,0
DA:2985,0
DA:2986,0
DA:2987,0
DA:2988,0
DA:2989,0
DA:2994,0
DA:2995,0
DA:2996,0
DA:2997,0
DA:2998,0
DA:2999,0
DA:3016,0
DA:3017,0
DA:3018,0
DA:3019,0
DA:3093,0
DA:3105,0
DA:3106,0
DA:3107,0
DA:3111,0
DA:3112,0
DA:3113,0
DA:3114,0
DA:3118,0
DA:3119,0
DA:3138,0
DA:3146,0
DA:3209,0
DA:3210,0
DA:3211,0
DA:3212,0
DA:3213,0
DA:3214,0
DA:3216,0
DA:3219,0
DA:3243,0
DA:3244,0
DA:3245,0
DA:3259,0
DA:3286,0
DA:3365,0
DA:3366,0
DA:3367,0
DA:3368,0
DA:3383,0
DA:3384,0
DA:3385,0
DA:3386,0
DA:3418,0
DA:3427,0
DA:3441,0
LF:815
LH:0
BRDA:65,0,0,0
BRDA:65,0,1,0
BRDA:66,1,0,0
BRDA:66,1,1,0
BRDA:67,2,0,0
BRDA:67,2,1,0
BRDA:73,3,0,0
BRDA:73,3,1,0
BRDA:85,4,0,0
BRDA:92,5,0,0
BRDA:92,5,1,0
BRDA:96,6,0,0
BRDA:96,6,1,0
BRDA:96,7,0,0
BRDA:96,7,1,0
BRDA:100,8,0,0
BRDA:100,8,1,0
BRDA:129,9,0,0
BRDA:129,9,1,0
BRDA:133,10,0,0
BRDA:133,10,1,0
BRDA:133,11,0,0
BRDA:133,11,1,0
BRDA:137,12,0,0
BRDA:137,12,1,0
BRDA:137,13,0,0
BRDA:137,13,1,0
BRDA:137,13,2,0
BRDA:143,14,0,0
BRDA:143,14,1,0
BRDA:143,15,0,0
BRDA:143,15,1,0
BRDA:154,16,0,0
BRDA:154,16,1,0
BRDA:162,17,0,0
BRDA:162,17,1,0
BRDA:165,18,0,0
BRDA:165,18,1,0
BRDA:179,19,0,0
BRDA:179,19,1,0
BRDA:179,20,0,0
BRDA:179,20,1,0
BRDA:183,21,0,0
BRDA:183,21,1,0
BRDA:183,22,0,0
BRDA:183,22,1,0
BRDA:186,23,0,0
BRDA:186,23,1,0
BRDA:195,24,0,0
BRDA:195,24,1,0
BRDA:196,25,0,0
BRDA:196,25,1,0
BRDA:280,26,0,0
BRDA:280,26,1,0
BRDA:280,27,0,0
BRDA:280,27,1,0
BRDA:287,28,0,0
BRDA:287,28,1,0
BRDA:287,29,0,0
BRDA:287,29,1,0
BRDA:295,30,0,0
BRDA:295,30,1,0
BRDA:297,31,0,0
BRDA:297,31,1,0
BRDA:322,32,0,0
BRDA:322,32,1,0
BRDA:322,33,0,0
BRDA:322,33,1,0
BRDA:322,33,2,0
BRDA:324,34,0,0
BRDA:324,34,1,0
BRDA:336,35,0,0
BRDA:336,35,1,0
BRDA:340,36,0,0
BRDA:340,36,1,0
BRDA:340,37,0,0
BRDA:340,37,1,0
BRDA:340,37,2,0
BRDA:340,37,3,0
BRDA:341,38,0,0
BRDA:341,38,1,0
BRDA:345,39,0,0
BRDA:345,39,1,0
BRDA:347,40,0,0
BRDA:347,40,1,0
BRDA:350,41,0,0
BRDA:350,41,1,0
BRDA:351,42,0,0
BRDA:351,42,1,0
BRDA:352,43,0,0
BRDA:352,43,1,0
BRDA:352,44,0,0
BRDA:352,44,1,0
BRDA:360,45,0,0
BRDA:360,45,1,0
BRDA:362,46,0,0
BRDA:362,46,1,0
BRDA:362,47,0,0
BRDA:362,47,1,0
BRDA:363,48,0,0
BRDA:363,48,1,0
BRDA:366,49,0,0
BRDA:366,49,1,0
BRDA:368,50,0,0
BRDA:368,50,1,0
BRDA:368,50,2,0
BRDA:368,50,3,0
BRDA:375,51,0,0
BRDA:375,51,1,0
BRDA:375,52,0,0
BRDA:375,52,1,0
BRDA:376,53,0,0
BRDA:376,53,1,0
BRDA:376,54,0,0
BRDA:376,54,1,0
BRDA:377,55,0,0
BRDA:377,55,1,0
BRDA:377,56,0,0
BRDA:377,56,1,0
BRDA:381,57,0,0
BRDA:381,57,1,0
BRDA:382,58,0,0
BRDA:382,58,1,0
BRDA:385,59,0,0
BRDA:385,59,1,0
BRDA:386,60,0,0
BRDA:386,60,1,0
BRDA:386,61,0,0
BRDA:386,61,1,0
BRDA:387,62,0,0
BRDA:387,62,1,0
BRDA:391,63,0,0
BRDA:391,63,1,0
BRDA:393,64,0,0
BRDA:393,64,1,0
BRDA:394,65,0,0
BRDA:394,65,1,0
BRDA:394,66,0,0
BRDA:394,66,1,0
BRDA:401,67,0,0
BRDA:401,67,1,0
BRDA:401,67,2,0
BRDA:401,67,3,0
BRDA:402,68,0,0
BRDA:402,68,1,0
BRDA:402,69,0,0
BRDA:402,69,1,0
BRDA:417,70,0,0
BRDA:417,70,1,0
BRDA:418,71,0,0
BRDA:418,71,1,0
BRDA:418,71,2,0
BRDA:420,72,0,0
BRDA:420,72,1,0
BRDA:420,73,0,0
BRDA:420,73,1,0
BRDA:423,74,0,0
BRDA:423,74,1,0
BRDA:424,75,0,0
BRDA:424,75,1,0
BRDA:425,76,0,0
BRDA:425,76,1,0
BRDA:430,77,0,0
BRDA:430,77,1,0
BRDA:431,78,0,0
BRDA:431,78,1,0
BRDA:438,79,0,0
BRDA:438,79,1,0
BRDA:439,80,0,0
BRDA:439,80,1,0
BRDA:447,81,0,0
BRDA:447,81,1,0
BRDA:452,82,0,0
BRDA:452,82,1,0
BRDA:456,83,0,0
BRDA:456,83,1,0
BRDA:458,84,0,0
BRDA:458,84,1,0
BRDA:459,85,0,0
BRDA:459,85,1,0
BRDA:459,85,2,0
BRDA:462,86,0,0
BRDA:462,86,1,0
BRDA:473,87,0,0
BRDA:473,87,1,0
BRDA:481,88,0,0
BRDA:481,88,1,0
BRDA:485,89,0,0
BRDA:485,89,1,0
BRDA:485,89,2,0
BRDA:485,89,3,0
BRDA:494,90,0,0
BRDA:494,90,1,0
BRDA:500,91,0,0
BRDA:500,91,1,0
BRDA:500,92,0,0
BRDA:500,92,1,0
BRDA:500,93,0,0
BRDA:500,93,1,0
BRDA:503,94,0,0
BRDA:503,94,1,0
BRDA:514,95,0,0
BRDA:514,95,1,0
BRDA:522,96,0,0
BRDA:522,96,1,0
BRDA:523,97,0,0
BRDA:523,97,1,0
BRDA:524,98,0,0
BRDA:524,98,1,0
BRDA:525,99,0,0
BRDA:525,99,1,0
BRDA:530,100,0,0
BRDA:530,100,1,0
BRDA:535,101,0,0
BRDA:535,101,1,0
BRDA:535,101,2,0
BRDA:538,102,0,0
BRDA:538,102,1,0
BRDA:540,103,0,0
BRDA:540,103,1,0
BRDA:546,104,0,0
BRDA:546,104,1,0
BRDA:560,105,0,0
BRDA:560,105,1,0
BRDA:560,106,0,0
BRDA:560,106,1,0
BRDA:569,107,0,0
BRDA:569,107,1,0
BRDA:569,108,0,0
BRDA:569,108,1,0
BRDA:569,108,2,0
BRDA:570,109,0,0
BRDA:570,109,1,0
BRDA:570,110,0,0
BRDA:570,110,1,0
BRDA:571,111,0,0
BRDA:571,111,1,0
BRDA:571,112,0,0
BRDA:571,112,1,0
BRDA:571,112,2,0
BRDA:577,113,0,0
BRDA:577,113,1,0
BRDA:577,114,0,0
BRDA:577,114,1,0
BRDA:577,114,2,0
BRDA:578,115,0,0
BRDA:578,115,1,0
BRDA:578,116,0,0
BRDA:578,116,1,0
BRDA:579,117,0,0
BRDA:579,117,1,0
BRDA:579,118,0,0
BRDA:579,118,1,0
BRDA:579,118,2,0
BRDA:610,119,0,0
BRDA:610,119,1,0
BRDA:611,120,0,0
BRDA:611,120,1,0
BRDA:615,121,0,0
BRDA:615,121,1,0
BRDA:617,122,0,0
BRDA:617,122,1,0
BRDA:617,123,0,0
BRDA:617,123,1,0
BRDA:618,124,0,0
BRDA:618,124,1,0
BRDA:623,125,0,0
BRDA:623,125,1,0
BRDA:626,126,0,0
BRDA:626,126,1,0
BRDA:627,127,0,0
BRDA:627,127,1,0
BRDA:627,127,2,0
BRDA:628,128,0,0
BRDA:628,128,1,0
BRDA:629,129,0,0
BRDA:629,129,1,0
BRDA:630,130,0,0
BRDA:630,130,1,0
BRDA:631,131,0,0
BRDA:631,131,1,0
BRDA:632,132,0,0
BRDA:632,132,1,0
BRDA:633,133,0,0
BRDA:633,133,1,0
BRDA:634,134,0,0
BRDA:634,134,1,0
BRDA:635,135,0,0
BRDA:635,135,1,0
BRDA:636,136,0,0
BRDA:636,136,1,0
BRDA:637,137,0,0
BRDA:637,137,1,0
BRDA:638,138,0,0
BRDA:638,138,1,0
BRDA:639,139,0,0
BRDA:639,139,1,0
BRDA:640,140,0,0
BRDA:640,140,1,0
BRDA:641,141,0,0
BRDA:641,141,1,0
BRDA:642,142,0,0
BRDA:642,142,1,0
BRDA:643,143,0,0
BRDA:643,143,1,0
BRDA:644,144,0,0
BRDA:644,144,1,0
BRDA:645,145,0,0
BRDA:645,145,1,0
BRDA:646,146,0,0
BRDA:646,146,1,0
BRDA:652,147,0,0
BRDA:652,147,1,0
BRDA:657,148,0,0
BRDA:657,148,1,0
BRDA:661,149,0,0
BRDA:661,149,1,0
BRDA:663,150,0,0
BRDA:663,150,1,0
BRDA:664,151,0,0
BRDA:664,151,1,0
BRDA:665,152,0,0
BRDA:665,152,1,0
BRDA:668,153,0,0
BRDA:668,153,1,0
BRDA:670,154,0,0
BRDA:670,154,1,0
BRDA:691,155,0,0
BRDA:691,155,1,0
BRDA:691,156,0,0
BRDA:691,156,1,0
BRDA:715,157,0,0
BRDA:715,157,1,0
BRDA:716,158,0,0
BRDA:716,158,1,0
BRDA:719,159,0,0
BRDA:719,159,1,0
BRDA:724,160,0,0
BRDA:724,160,1,0
BRDA:724,161,0,0
BRDA:724,161,1,0
BRDA:730,162,0,0
BRDA:730,162,1,0
BRDA:730,163,0,0
BRDA:730,163,1,0
BRDA:730,164,0,0
BRDA:730,164,1,0
BRDA:732,165,0,0
BRDA:732,165,1,0
BRDA:733,166,0,0
BRDA:733,166,1,0
BRDA:734,167,0,0
BRDA:734,167,1,0
BRDA:734,167,2,0
BRDA:735,168,0,0
BRDA:735,168,1,0
BRDA:736,169,0,0
BRDA:736,169,1,0
BRDA:736,169,2,0
BRDA:737,170,0,0
BRDA:737,170,1,0
BRDA:737,170,2,0
BRDA:738,171,0,0
BRDA:738,171,1,0
BRDA:738,171,2,0
BRDA:739,172,0,0
BRDA:739,172,1,0
BRDA:739,172,2,0
BRDA:740,173,0,0
BRDA:740,173,1,0
BRDA:741,174,0,0
BRDA:741,174,1,0
BRDA:742,175,0,0
BRDA:742,175,1,0
BRDA:743,176,0,0
BRDA:743,176,1,0
BRDA:744,177,0,0
BRDA:744,177,1,0
BRDA:745,178,0,0
BRDA:745,178,1,0
BRDA:746,179,0,0
BRDA:746,179,1,0
BRDA:747,180,0,0
BRDA:747,180,1,0
BRDA:748,181,0,0
BRDA:748,181,1,0
BRDA:749,182,0,0
BRDA:749,182,1,0
BRDA:750,183,0,0
BRDA:750,183,1,0
BRDA:751,184,0,0
BRDA:751,184,1,0
BRDA:752,185,0,0
BRDA:752,185,1,0
BRDA:753,186,0,0
BRDA:753,186,1,0
BRDA:754,187,0,0
BRDA:754,187,1,0
BRDA:755,188,0,0
BRDA:755,188,1,0
BRDA:756,189,0,0
BRDA:756,189,1,0
BRDA:757,190,0,0
BRDA:757,190,1,0
BRDA:758,191,0,0
BRDA:758,191,1,0
BRDA:759,192,0,0
BRDA:759,192,1,0
BRDA:762,193,0,0
BRDA:762,193,1,0
BRDA:762,194,0,0
BRDA:762,194,1,0
BRDA:776,195,0,0
BRDA:776,195,1,0
BRDA:779,196,0,0
BRDA:779,196,1,0
BRDA:781,197,0,0
BRDA:781,197,1,0
BRDA:787,198,0,0
BRDA:787,198,1,0
BRDA:798,199,0,0
BRDA:798,199,1,0
BRDA:798,200,0,0
BRDA:798,200,1,0
BRDA:799,201,0,0
BRDA:799,201,1,0
BRDA:799,202,0,0
BRDA:799,202,1,0
BRDA:800,203,0,0
BRDA:800,203,1,0
BRDA:800,203,2,0
BRDA:800,203,3,0
BRDA:800,203,4,0
BRDA:800,203,5,0
BRDA:806,204,0,0
BRDA:806,204,1,0
BRDA:806,204,2,0
BRDA:806,204,3,0
BRDA:808,205,0,0
BRDA:808,205,1,0
BRDA:811,206,0,0
BRDA:811,206,1,0
BRDA:813,207,0,0
BRDA:813,207,1,0
BRDA:814,208,0,0
BRDA:814,208,1,0
BRDA:817,209,0,0
BRDA:817,209,1,0
BRDA:818,210,0,0
BRDA:818,210,1,0
BRDA:819,211,0,0
BRDA:819,211,1,0
BRDA:820,212,0,0
BRDA:820,212,1,0
BRDA:821,213,0,0
BRDA:821,213,1,0
BRDA:822,214,0,0
BRDA:822,214,1,0
BRDA:823,215,0,0
BRDA:823,215,1,0
BRDA:824,216,0,0
BRDA:824,216,1,0
BRDA:825,217,0,0
BRDA:825,217,1,0
BRDA:826,218,0,0
BRDA:826,218,1,0
BRDA:827,219,0,0
BRDA:827,219,1,0
BRDA:828,220,0,0
BRDA:828,220,1,0
BRDA:829,221,0,0
BRDA:829,221,1,0
BRDA:830,222,0,0
BRDA:830,222,1,0
BRDA:831,223,0,0
BRDA:831,223,1,0
BRDA:832,224,0,0
BRDA:832,224,1,0
BRDA:833,225,0,0
BRDA:833,225,1,0
BRDA:834,226,0,0
BRDA:834,226,1,0
BRDA:835,227,0,0
BRDA:835,227,1,0
BRDA:836,228,0,0
BRDA:836,228,1,0
BRDA:837,229,0,0
BRDA:837,229,1,0
BRDA:838,230,0,0
BRDA:838,230,1,0
BRDA:840,231,0,0
BRDA:840,231,1,0
BRDA:847,232,0,0
BRDA:847,232,1,0
BRDA:848,233,0,0
BRDA:848,233,1,0
BRDA:852,234,0,0
BRDA:852,234,1,0
BRDA:853,235,0,0
BRDA:853,235,1,0
BRDA:857,236,0,0
BRDA:857,236,1,0
BRDA:857,237,0,0
BRDA:857,237,1,0
BRDA:864,238,0,0
BRDA:864,238,1,0
BRDA:867,239,0,0
BRDA:867,239,1,0
BRDA:876,240,0,0
BRDA:876,240,1,0
BRDA:877,241,0,0
BRDA:877,241,1,0
BRDA:881,242,0,0
BRDA:881,242,1,0
BRDA:881,242,2,0
BRDA:884,243,0,0
BRDA:884,243,1,0
BRDA:901,244,0,0
BRDA:901,244,1,0
BRDA:907,245,0,0
BRDA:907,245,1,0
BRDA:908,246,0,0
BRDA:908,246,1,0
BRDA:909,247,0,0
BRDA:909,247,1,0
BRDA:920,248,0,0
BRDA:920,248,1,0
BRDA:985,249,0,0
BRDA:985,249,1,0
BRDA:985,250,0,0
BRDA:985,250,1,0
BRDA:992,251,0,0
BRDA:992,251,1,0
BRDA:992,252,0,0
BRDA:992,252,1,0
BRDA:996,253,0,0
BRDA:996,253,1,0
BRDA:998,254,0,0
BRDA:998,254,1,0
BRDA:998,255,0,0
BRDA:998,255,1,0
BRDA:999,256,0,0
BRDA:999,256,1,0
BRDA:1004,257,0,0
BRDA:1004,257,1,0
BRDA:1018,258,0,0
BRDA:1018,258,1,0
BRDA:1021,259,0,0
BRDA:1021,259,1,0
BRDA:1024,260,0,0
BRDA:1024,260,1,0
BRDA:1025,261,0,0
BRDA:1025,261,1,0
BRDA:1034,262,0,0
BRDA:1034,262,1,0
BRDA:1040,263,0,0
BRDA:1040,263,1,0
BRDA:1061,264,0,0
BRDA:1061,264,1,0
BRDA:1064,265,0,0
BRDA:1064,265,1,0
BRDA:1067,266,0,0
BRDA:1067,266,1,0
BRDA:1068,267,0,0
BRDA:1068,267,1,0
BRDA:1069,268,0,0
BRDA:1069,268,1,0
BRDA:1073,269,0,0
BRDA:1073,269,1,0
BRDA:1081,270,0,0
BRDA:1081,270,1,0
BRDA:1084,271,0,0
BRDA:1084,271,1,0
BRDA:1087,272,0,0
BRDA:1087,272,1,0
BRDA:1088,273,0,0
BRDA:1088,273,1,0
BRDA:1089,274,0,0
BRDA:1089,274,1,0
BRDA:1093,275,0,0
BRDA:1093,275,1,0
BRDA:1104,276,0,0
BRDA:1104,276,1,0
BRDA:1110,277,0,0
BRDA:1110,277,1,0
BRDA:1114,278,0,0
BRDA:1114,278,1,0
BRDA:1118,279,0,0
BRDA:1118,279,1,0
BRDA:1121,280,0,0
BRDA:1121,280,1,0
BRDA:1122,281,0,0
BRDA:1122,281,1,0
BRDA:1123,282,0,0
BRDA:1123,282,1,0
BRDA:1127,283,0,0
BRDA:1127,283,1,0
BRDA:1128,284,0,0
BRDA:1128,284,1,0
BRDA:1129,285,0,0
BRDA:1129,285,1,0
BRDA:1130,286,0,0
BRDA:1130,286,1,0
BRDA:1132,287,0,0
BRDA:1132,287,1,0
BRDA:1132,288,0,0
BRDA:1132,288,1,0
BRDA:1137,289,0,0
BRDA:1137,289,1,0
BRDA:1169,290,0,0
BRDA:1169,290,1,0
BRDA:1169,291,0,0
BRDA:1169,291,1,0
BRDA:1169,291,2,0
BRDA:1170,292,0,0
BRDA:1170,292,1,0
BRDA:1170,292,2,0
BRDA:1170,292,3,0
BRDA:1171,293,0,0
BRDA:1171,293,1,0
BRDA:1175,294,0,0
BRDA:1175,294,1,0
BRDA:1180,295,0,0
BRDA:1180,295,1,0
BRDA:1180,295,2,0
BRDA:1181,296,0,0
BRDA:1181,296,1,0
BRDA:1181,296,2,0
BRDA:1182,297,0,0
BRDA:1182,297,1,0
BRDA:1183,298,0,0
BRDA:1183,298,1,0
BRDA:1184,299,0,0
BRDA:1184,299,1,0
BRDA:1185,300,0,0
BRDA:1185,300,1,0
BRDA:1186,301,0,0
BRDA:1186,301,1,0
BRDA:1187,302,0,0
BRDA:1187,302,1,0
BRDA:1214,303,0,0
BRDA:1214,303,1,0
BRDA:1217,304,0,0
BRDA:1217,304,1,0
BRDA:1224,305,0,0
BRDA:1224,305,1,0
BRDA:1227,306,0,0
BRDA:1227,306,1,0
BRDA:1230,307,0,0
BRDA:1230,307,1,0
BRDA:1231,308,0,0
BRDA:1231,308,1,0
BRDA:1232,309,0,0
BRDA:1232,309,1,0
BRDA:1238,310,0,0
BRDA:1238,310,1,0
BRDA:1239,311,0,0
BRDA:1239,311,1,0
BRDA:1241,312,0,0
BRDA:1241,312,1,0
BRDA:1241,313,0,0
BRDA:1241,313,1,0
BRDA:1244,314,0,0
BRDA:1244,314,1,0
BRDA:1254,315,0,0
BRDA:1254,315,1,0
BRDA:1255,316,0,0
BRDA:1255,316,1,0
BRDA:1257,317,0,0
BRDA:1257,317,1,0
BRDA:1257,318,0,0
BRDA:1257,318,1,0
BRDA:1260,319,0,0
BRDA:1260,319,1,0
BRDA:1271,320,0,0
BRDA:1271,320,1,0
BRDA:1272,321,0,0
BRDA:1272,321,1,0
BRDA:1274,322,0,0
BRDA:1274,322,1,0
BRDA:1274,323,0,0
BRDA:1274,323,1,0
BRDA:1277,324,0,0
BRDA:1277,324,1,0
BRDA:1287,325,0,0
BRDA:1287,325,1,0
BRDA:1287,326,0,0
BRDA:1287,326,1,0
BRDA:1288,327,0,0
BRDA:1288,327,1,0
BRDA:1303,328,0,0
BRDA:1303,328,1,0
BRDA:1303,329,0,0
BRDA:1303,329,1,0
BRDA:1303,329,2,0
BRDA:1308,330,0,0
BRDA:1308,330,1,0
BRDA:1312,331,0,0
BRDA:1312,331,1,0
BRDA:1313,332,0,0
BRDA:1313,332,1,0
BRDA:1318,333,0,0
BRDA:1318,333,1,0
BRDA:1320,334,0,0
BRDA:1320,334,1,0
BRDA:1324,335,0,0
BRDA:1324,335,1,0
BRDA:1327,336,0,0
BRDA:1327,336,1,0
BRDA:1340,337,0,0
BRDA:1340,337,1,0
BRDA:1340,338,0,0
BRDA:1340,338,1,0
BRDA:1340,338,2,0
BRDA:1344,339,0,0
BRDA:1344,339,1,0
BRDA:1345,340,0,0
BRDA:1345,340,1,0
BRDA:1347,341,0,0
BRDA:1347,341,1,0
BRDA:1350,342,0,0
BRDA:1350,342,1,0
BRDA:1358,343,0,0
BRDA:1358,343,1,0
BRDA:1372,344,0,0
BRDA:1372,344,1,0
BRDA:1372,345,0,0
BRDA:1372,345,1,0
BRDA:1372,345,2,0
BRDA:1375,346,0,0
BRDA:1375,346,1,0
BRDA:1376,347,0,0
BRDA:1376,347,1,0
BRDA:1382,348,0,0
BRDA:1382,348,1,0
BRDA:1387,349,0,0
BRDA:1387,349,1,0
BRDA:1397,350,0,0
BRDA:1397,350,1,0
BRDA:1397,350,2,0
BRDA:1397,350,3,0
BRDA:1399,351,0,0
BRDA:1399,351,1,0
BRDA:1402,352,0,0
BRDA:1402,352,1,0
BRDA:1405,353,0,0
BRDA:1405,353,1,0
BRDA:1408,354,0,0
BRDA:1408,354,1,0
BRDA:1413,355,0,0
BRDA:1413,355,1,0
BRDA:1420,356,0,0
BRDA:1420,356,1,0
BRDA:1437,357,0,0
BRDA:1437,357,1,0
BRDA:1437,358,0,0
BRDA:1437,358,1,0
BRDA:1437,358,2,0
BRDA:1454,359,0,0
BRDA:1454,359,1,0
BRDA:1454,359,2,0
BRDA:1468,360,0,0
BRDA:1468,360,1,0
BRDA:1470,361,0,0
BRDA:1470,361,1,0
BRDA:1482,362,0,0
BRDA:1482,362,1,0
BRDA:1483,363,0,0
BRDA:1483,363,1,0
BRDA:1484,364,0,0
BRDA:1484,364,1,0
BRDA:1486,365,0,0
BRDA:1486,365,1,0
BRDA:1486,365,2,0
BRDA:1487,366,0,0
BRDA:1487,366,1,0
BRDA:1487,367,0,0
BRDA:1487,367,1,0
BRDA:1489,368,0,0
BRDA:1489,368,1,0
BRDA:1490,369,0,0
BRDA:1490,369,1,0
BRDA:1491,370,0,0
BRDA:1491,370,1,0
BRDA:1501,371,0,0
BRDA:1501,371,1,0
BRDA:1501,372,0,0
BRDA:1501,372,1,0
BRDA:1501,372,2,0
BRDA:1513,373,0,0
BRDA:1513,373,1,0
BRDA:1513,373,2,0
BRDA:1522,374,0,0
BRDA:1522,374,1,0
BRDA:1531,375,0,0
BRDA:1531,375,1,0
BRDA:1543,376,0,0
BRDA:1543,376,1,0
BRDA:1543,376,2,0
BRDA:1557,377,0,0
BRDA:1557,377,1,0
BRDA:1557,378,0,0
BRDA:1557,378,1,0
BRDA:1567,379,0,0
BRDA:1567,379,1,0
BRDA:1569,380,0,0
BRDA:1569,380,1,0
BRDA:1575,381,0,0
BRDA:1575,381,1,0
BRDA:1576,382,0,0
BRDA:1576,382,1,0
BRDA:1581,383,0,0
BRDA:1581,383,1,0
BRDA:1581,384,0,0
BRDA:1581,384,1,0
BRDA:1583,385,0,0
BRDA:1583,385,1,0
BRDA:1584,386,0,0
BRDA:1584,386,1,0
BRDA:1585,387,0,0
BRDA:1585,387,1,0
BRDA:1588,388,0,0
BRDA:1588,388,1,0
BRDA:1591,389,0,0
BRDA:1591,389,1,0
BRDA:1592,390,0,0
BRDA:1592,390,1,0
BRDA:1595,391,0,0
BRDA:1595,391,1,0
BRDA:1596,392,0,0
BRDA:1596,392,1,0
BRDA:1597,393,0,0
BRDA:1597,393,1,0
BRDA:1610,394,0,0
BRDA:1610,394,1,0
BRDA:1618,395,0,0
BRDA:1618,395,1,0
BRDA:1619,396,0,0
BRDA:1619,396,1,0
BRDA:1626,397,0,0
BRDA:1626,397,1,0
BRDA:1642,398,0,0
BRDA:1642,398,1,0
BRDA:1642,398,2,0
BRDA:1642,398,3,0
BRDA:1642,398,4,0
BRDA:1643,399,0,0
BRDA:1643,399,1,0
BRDA:1653,400,0,0
BRDA:1653,400,1,0
BRDA:1657,401,0,0
BRDA:1657,401,1,0
BRDA:1657,402,0,0
BRDA:1657,402,1,0
BRDA:1659,403,0,0
BRDA:1659,403,1,0
BRDA:1676,404,0,0
BRDA:1676,404,1,0
BRDA:1676,405,0,0
BRDA:1676,405,1,0
BRDA:1676,405,2,0
BRDA:1678,406,0,0
BRDA:1678,406,1,0
BRDA:1679,407,0,0
BRDA:1679,407,1,0
BRDA:1681,408,0,0
BRDA:1681,408,1,0
BRDA:1682,409,0,0
BRDA:1682,409,1,0
BRDA:1687,410,0,0
BRDA:1687,410,1,0
BRDA:1691,411,0,0
BRDA:1691,411,1,0
BRDA:1698,412,0,0
BRDA:1698,412,1,0
BRDA:1700,413,0,0
BRDA:1700,413,1,0
BRDA:1705,414,0,0
BRDA:1705,414,1,0
BRDA:1706,415,0,0
BRDA:1706,415,1,0
BRDA:1722,416,0,0
BRDA:1722,416,1,0
BRDA:1724,417,0,0
BRDA:1724,417,1,0
BRDA:1735,418,0,0
BRDA:1735,418,1,0
BRDA:1741,419,0,0
BRDA:1741,419,1,0
BRDA:1743,420,0,0
BRDA:1743,420,1,0
BRDA:1745,421,0,0
BRDA:1745,421,1,0
BRDA:1747,422,0,0
BRDA:1747,422,1,0
BRDA:1756,423,0,0
BRDA:1756,423,1,0
BRDA:1760,424,0,0
BRDA:1760,424,1,0
BRDA:1766,425,0,0
BRDA:1766,425,1,0
BRDA:1772,426,0,0
BRDA:1772,426,1,0
BRDA:1781,427,0,0
BRDA:1781,427,1,0
BRDA:1787,428,0,0
BRDA:1787,428,1,0
BRDA:1793,429,0,0
BRDA:1793,429,1,0
BRDA:1799,430,0,0
BRDA:1799,430,1,0
BRDA:1800,431,0,0
BRDA:1800,431,1,0
BRDA:1801,432,0,0
BRDA:1801,432,1,0
BRDA:1804,433,0,0
BRDA:1804,433,1,0
BRDA:1812,434,0,0
BRDA:1812,434,1,0
BRDA:1815,435,0,0
BRDA:1815,435,1,0
BRDA:1816,436,0,0
BRDA:1816,436,1,0
BRDA:1816,437,0,0
BRDA:1816,437,1,0
BRDA:1820,438,0,0
BRDA:1820,438,1,0
BRDA:1824,439,0,0
BRDA:1824,439,1,0
BRDA:1824,439,2,0
BRDA:1834,440,0,0
BRDA:1834,440,1,0
BRDA:1839,441,0,0
BRDA:1839,441,1,0
BRDA:1848,442,0,0
BRDA:1848,442,1,0
BRDA:1850,443,0,0
BRDA:1850,443,1,0
BRDA:1850,443,2,0
BRDA:1855,444,0,0
BRDA:1855,444,1,0
BRDA:1858,445,0,0
BRDA:1858,445,1,0
BRDA:1858,445,2,0
BRDA:1860,446,0,0
BRDA:1860,446,1,0
BRDA:1868,447,0,0
BRDA:1868,447,1,0
BRDA:1869,448,0,0
BRDA:1869,448,1,0
BRDA:1870,449,0,0
BRDA:1870,449,1,0
BRDA:1870,450,0,0
BRDA:1870,450,1,0
BRDA:1873,451,0,0
BRDA:1873,451,1,0
BRDA:1880,452,0,0
BRDA:1880,452,1,0
BRDA:1880,452,2,0
BRDA:1883,453,0,0
BRDA:1883,453,1,0
BRDA:1887,454,0,0
BRDA:1887,454,1,0
BRDA:1901,455,0,0
BRDA:1901,455,1,0
BRDA:1916,456,0,0
BRDA:1916,456,1,0
BRDA:1933,457,0,0
BRDA:1933,457,1,0
BRDA:1939,458,0,0
BRDA:1939,458,1,0
BRDA:1940,459,0,0
BRDA:1940,459,1,0
BRDA:1941,460,0,0
BRDA:1941,460,1,0
BRDA:1942,461,0,0
BRDA:1942,461,1,0
BRDA:1943,462,0,0
BRDA:1943,462,1,0
BRDA:1946,463,0,0
BRDA:1946,463,1,0
BRDA:1948,464,0,0
BRDA:1948,464,1,0
BRDA:1958,465,0,0
BRDA:1958,465,1,0
BRDA:1967,466,0,0
BRDA:1967,466,1,0
BRDA:1974,467,0,0
BRDA:1974,467,1,0
BRDA:1980,468,0,0
BRDA:1980,468,1,0
BRDA:1990,469,0,0
BRDA:1990,469,1,0
BRDA:2007,470,0,0
BRDA:2007,470,1,0
BRDA:2007,471,0,0
BRDA:2007,471,1,0
BRDA:2010,472,0,0
BRDA:2010,472,1,0
BRDA:2034,473,0,0
BRDA:2034,473,1,0
BRDA:2051,474,0,0
BRDA:2051,474,1,0
BRDA:2057,475,0,0
BRDA:2057,475,1,0
BRDA:2058,476,0,0
BRDA:2058,476,1,0
BRDA:2059,477,0,0
BRDA:2059,477,1,0
BRDA:2060,478,0,0
BRDA:2060,478,1,0
BRDA:2063,479,0,0
BRDA:2063,479,1,0
BRDA:2065,480,0,0
BRDA:2065,480,1,0
BRDA:2074,481,0,0
BRDA:2074,481,1,0
BRDA:2083,482,0,0
BRDA:2083,482,1,0
BRDA:2090,483,0,0
BRDA:2090,483,1,0
BRDA:2096,484,0,0
BRDA:2096,484,1,0
BRDA:2118,485,0,0
BRDA:2118,485,1,0
BRDA:2118,486,0,0
BRDA:2118,486,1,0
BRDA:2121,487,0,0
BRDA:2121,487,1,0
BRDA:2145,488,0,0
BRDA:2145,488,1,0
BRDA:2161,489,0,0
BRDA:2161,489,1,0
BRDA:2167,490,0,0
BRDA:2167,490,1,0
BRDA:2168,491,0,0
BRDA:2168,491,1,0
BRDA:2171,492,0,0
BRDA:2171,492,1,0
BRDA:2173,493,0,0
BRDA:2173,493,1,0
BRDA:2180,494,0,0
BRDA:2180,494,1,0
BRDA:2189,495,0,0
BRDA:2189,495,1,0
BRDA:2201,496,0,0
BRDA:2201,496,1,0
BRDA:2207,497,0,0
BRDA:2207,497,1,0
BRDA:2208,498,0,0
BRDA:2208,498,1,0
BRDA:2209,499,0,0
BRDA:2209,499,1,0
BRDA:2212,500,0,0
BRDA:2212,500,1,0
BRDA:2213,501,0,0
BRDA:2213,501,1,0
BRDA:2214,502,0,0
BRDA:2214,502,1,0
BRDA:2216,503,0,0
BRDA:2216,503,1,0
BRDA:2218,504,0,0
BRDA:2218,504,1,0
BRDA:2226,505,0,0
BRDA:2226,505,1,0
BRDA:2236,506,0,0
BRDA:2236,506,1,0
BRDA:2243,507,0,0
BRDA:2243,507,1,0
BRDA:2245,508,0,0
BRDA:2245,508,1,0
BRDA:2247,509,0,0
BRDA:2247,509,1,0
BRDA:2249,510,0,0
BRDA:2249,510,1,0
BRDA:2258,511,0,0
BRDA:2258,511,1,0
BRDA:2258,511,2,0
BRDA:2265,512,0,0
BRDA:2265,512,1,0
BRDA:2275,513,0,0
BRDA:2275,513,1,0
BRDA:2286,514,0,0
BRDA:2286,514,1,0
BRDA:2289,515,0,0
BRDA:2289,515,1,0
BRDA:2310,516,0,0
BRDA:2310,516,1,0
BRDA:2322,517,0,0
BRDA:2322,517,1,0
BRDA:2347,518,0,0
BRDA:2347,518,1,0
BRDA:2353,519,0,0
BRDA:2353,519,1,0
BRDA:2383,520,0,0
BRDA:2383,520,1,0
BRDA:2415,521,0,0
BRDA:2415,521,1,0
BRDA:2415,521,2,0
BRDA:2447,522,0,0
BRDA:2447,522,1,0
BRDA:2450,523,0,0
BRDA:2450,523,1,0
BRDA:2454,524,0,0
BRDA:2454,524,1,0
BRDA:2460,525,0,0
BRDA:2460,525,1,0
BRDA:2461,526,0,0
BRDA:2461,526,1,0
BRDA:2468,527,0,0
BRDA:2468,527,1,0
BRDA:2476,528,0,0
BRDA:2476,528,1,0
BRDA:2483,529,0,0
BRDA:2483,529,1,0
BRDA:2483,530,0,0
BRDA:2483,530,1,0
BRDA:2485,531,0,0
BRDA:2485,531,1,0
BRDA:2492,532,0,0
BRDA:2492,532,1,0
BRDA:2499,533,0,0
BRDA:2499,533,1,0
BRDA:2505,534,0,0
BRDA:2505,534,1,0
BRDA:2527,535,0,0
BRDA:2527,535,1,0
BRDA:2554,536,0,0
BRDA:2554,536,1,0
BRDA:2566,537,0,0
BRDA:2566,537,1,0
BRDA:2571,538,0,0
BRDA:2571,538,1,0
BRDA:2572,539,0,0
BRDA:2572,539,1,0
BRDA:2575,540,0,0
BRDA:2575,540,1,0
BRDA:2576,541,0,0
BRDA:2576,541,1,0
BRDA:2587,542,0,0
BRDA:2587,542,1,0
BRDA:2639,543,0,0
BRDA:2639,543,1,0
BRDA:2654,544,0,0
BRDA:2654,544,1,0
BRDA:2654,544,2,0
BRDA:2655,545,0,0
BRDA:2655,545,1,0
BRDA:2663,546,0,0
BRDA:2663,546,1,0
BRDA:2667,547,0,0
BRDA:2667,547,1,0
BRDA:2671,548,0,0
BRDA:2671,548,1,0
BRDA:2674,549,0,0
BRDA:2674,549,1,0
BRDA:2683,550,0,0
BRDA:2683,550,1,0
BRDA:2686,551,0,0
BRDA:2686,551,1,0
BRDA:2702,552,0,0
BRDA:2702,552,1,0
BRDA:2711,553,0,0
BRDA:2711,553,1,0
BRDA:2712,554,0,0
BRDA:2712,554,1,0
BRDA:2713,555,0,0
BRDA:2713,555,1,0
BRDA:2718,556,0,0
BRDA:2718,556,1,0
BRDA:2720,557,0,0
BRDA:2720,557,1,0
BRDA:2745,558,0,0
BRDA:2745,558,1,0
BRDA:2745,558,2,0
BRDA:2747,559,0,0
BRDA:2747,559,1,0
BRDA:2771,560,0,0
BRDA:2771,560,1,0
BRDA:2776,561,0,0
BRDA:2776,561,1,0
BRDA:2780,562,0,0
BRDA:2780,562,1,0
BRDA:2786,563,0,0
BRDA:2786,563,1,0
BRDA:2795,564,0,0
BRDA:2795,564,1,0
BRDA:2795,565,0,0
BRDA:2795,565,1,0
BRDA:2795,566,0,0
BRDA:2795,566,1,0
BRDA:2795,566,2,0
BRDA:2819,567,0,0
BRDA:2819,567,1,0
BRDA:2824,568,0,0
BRDA:2824,568,1,0
BRDA:2824,568,2,0
BRDA:2831,569,0,0
BRDA:2831,569,1,0
BRDA:2831,570,0,0
BRDA:2831,570,1,0
BRDA:2832,571,0,0
BRDA:2832,571,1,0
BRDA:2832,572,0,0
BRDA:2832,572,1,0
BRDA:2833,573,0,0
BRDA:2833,573,1,0
BRDA:2833,574,0,0
BRDA:2833,574,1,0
BRDA:2834,575,0,0
BRDA:2834,575,1,0
BRDA:2834,576,0,0
BRDA:2834,576,1,0
BRDA:2835,577,0,0
BRDA:2835,577,1,0
BRDA:2835,578,0,0
BRDA:2835,578,1,0
BRDA:2836,579,0,0
BRDA:2836,579,1,0
BRDA:2836,580,0,0
BRDA:2836,580,1,0
BRDA:2837,581,0,0
BRDA:2837,581,1,0
BRDA:2851,582,0,0
BRDA:2851,582,1,0
BRDA:2854,583,0,0
BRDA:2854,583,1,0
BRDA:2858,584,0,0
BRDA:2858,584,1,0
BRDA:2862,585,0,0
BRDA:2862,585,1,0
BRDA:2865,586,0,0
BRDA:2865,586,1,0
BRDA:2867,587,0,0
BRDA:2867,587,1,0
BRDA:2872,588,0,0
BRDA:2872,588,1,0
BRDA:2878,589,0,0
BRDA:2878,589,1,0
BRDA:2881,590,0,0
BRDA:2881,590,1,0
BRDA:2885,591,0,0
BRDA:2885,591,1,0
BRDA:2889,592,0,0
BRDA:2889,592,1,0
BRDA:2892,593,0,0
BRDA:2892,593,1,0
BRDA:2894,594,0,0
BRDA:2894,594,1,0
BRDA:2899,595,0,0
BRDA:2899,595,1,0
BRDA:2905,596,0,0
BRDA:2905,596,1,0
BRDA:2908,597,0,0
BRDA:2908,597,1,0
BRDA:2912,598,0,0
BRDA:2912,598,1,0
BRDA:2916,599,0,0
BRDA:2916,599,1,0
BRDA:2920,600,0,0
BRDA:2920,600,1,0
BRDA:2920,600,2,0
BRDA:2920,600,3,0
BRDA:2929,601,0,0
BRDA:2929,601,1,0
BRDA:2929,601,2,0
BRDA:2934,602,0,0
BRDA:2934,602,1,0
BRDA:2937,603,0,0
BRDA:2937,603,1,0
BRDA:2941,604,0,0
BRDA:2941,604,1,0
BRDA:2942,605,0,0
BRDA:2942,605,1,0
BRDA:2948,606,0,0
BRDA:2948,606,1,0
BRDA:2951,607,0,0
BRDA:2951,607,1,0
BRDA:2954,608,0,0
BRDA:2954,608,1,0
BRDA:2957,609,0,0
BRDA:2957,609,1,0
BRDA:2963,610,0,0
BRDA:2963,610,1,0
BRDA:2969,611,0,0
BRDA:2969,611,1,0
BRDA:2978,612,0,0
BRDA:2978,612,1,0
BRDA:2978,612,2,0
BRDA:2978,612,3,0
BRDA:2985,613,0,0
BRDA:2985,613,1,0
BRDA:2986,614,0,0
BRDA:2986,614,1,0
BRDA:2987,615,0,0
BRDA:2987,615,1,0
BRDA:2987,616,0,0
BRDA:2987,616,1,0
BRDA:2989,617,0,0
BRDA:2989,617,1,0
BRDA:2994,618,0,0
BRDA:2994,618,1,0
BRDA:2997,619,0,0
BRDA:2997,619,1,0
BRDA:3001,620,0,0
BRDA:3001,620,1,0
BRDA:3002,621,0,0
BRDA:3002,621,1,0
BRDA:3011,622,0,0
BRDA:3011,622,1,0
BRDA:3011,622,2,0
BRDA:3011,622,3,0
BRDA:3016,623,0,0
BRDA:3016,623,1,0
BRDA:3017,624,0,0
BRDA:3017,624,1,0
BRDA:3030,625,0,0
BRDA:3030,625,1,0
BRDA:3030,625,2,0
BRDA:3030,625,3,0
BRDA:3033,626,0,0
BRDA:3033,626,1,0
BRDA:3034,627,0,0
BRDA:3034,627,1,0
BRDA:3038,628,0,0
BRDA:3038,628,1,0
BRDA:3048,629,0,0
BRDA:3048,629,1,0
BRDA:3054,630,0,0
BRDA:3054,630,1,0
BRDA:3059,631,0,0
BRDA:3059,631,1,0
BRDA:3064,632,0,0
BRDA:3064,632,1,0
BRDA:3069,633,0,0
BRDA:3069,633,1,0
BRDA:3073,634,0,0
BRDA:3073,634,1,0
BRDA:3073,634,2,0
BRDA:3073,634,3,0
BRDA:3075,635,0,0
BRDA:3075,635,1,0
BRDA:3078,636,0,0
BRDA:3078,636,1,0
BRDA:3081,637,0,0
BRDA:3081,637,1,0
BRDA:3089,638,0,0
BRDA:3089,638,1,0
BRDA:3089,638,2,0
BRDA:3089,638,3,0
BRDA:3100,639,0,0
BRDA:3100,639,1,0
BRDA:3100,639,2,0
BRDA:3100,639,3,0
BRDA:3105,640,0,0
BRDA:3105,640,1,0
BRDA:3106,641,0,0
BRDA:3106,641,1,0
BRDA:3111,642,0,0
BRDA:3111,642,1,0
BRDA:3112,643,0,0
BRDA:3112,643,1,0
BRDA:3114,644,0,0
BRDA:3114,644,1,0
BRDA:3118,645,0,0
BRDA:3118,645,1,0
BRDA:3121,646,0,0
BRDA:3121,646,1,0
BRDA:3133,647,0,0
BRDA:3133,647,1,0
BRDA:3135,648,0,0
BRDA:3135,648,1,0
BRDA:3143,649,0,0
BRDA:3143,649,1,0
BRDA:3151,650,0,0
BRDA:3151,650,1,0
BRDA:3154,651,0,0
BRDA:3154,651,1,0
BRDA:3157,652,0,0
BRDA:3157,652,1,0
BRDA:3163,653,0,0
BRDA:3163,653,1,0
BRDA:3168,654,0,0
BRDA:3168,654,1,0
BRDA:3168,654,2,0
BRDA:3176,655,0,0
BRDA:3176,655,1,0
BRDA:3176,655,2,0
BRDA:3176,655,3,0
BRDA:3180,656,0,0
BRDA:3180,656,1,0
BRDA:3187,657,0,0
BRDA:3187,657,1,0
BRDA:3191,658,0,0
BRDA:3191,658,1,0
BRDA:3194,659,0,0
BRDA:3194,659,1,0
BRDA:3207,660,0,0
BRDA:3207,660,1,0
BRDA:3209,661,0,0
BRDA:3209,661,1,0
BRDA:3209,662,0,0
BRDA:3209,662,1,0
BRDA:3210,663,0,0
BRDA:3210,663,1,0
BRDA:3211,664,0,0
BRDA:3211,664,1,0
BRDA:3211,664,2,0
BRDA:3212,665,0,0
BRDA:3212,665,1,0
BRDA:3212,665,2,0
BRDA:3214,666,0,0
BRDA:3214,666,1,0
BRDA:3216,667,0,0
BRDA:3216,667,1,0
BRDA:3216,667,2,0
BRDA:3222,668,0,0
BRDA:3222,668,1,0
BRDA:3234,669,0,0
BRDA:3234,669,1,0
BRDA:3240,670,0,0
BRDA:3240,670,1,0
BRDA:3240,670,2,0
BRDA:3243,671,0,0
BRDA:3243,671,1,0
BRDA:3244,672,0,0
BRDA:3244,672,1,0
BRDA:3244,672,2,0
BRDA:3257,673,0,0
BRDA:3257,673,1,0
BRDA:3262,674,0,0
BRDA:3262,674,1,0
BRDA:3263,675,0,0
BRDA:3263,675,1,0
BRDA:3264,676,0,0
BRDA:3264,676,1,0
BRDA:3266,677,0,0
BRDA:3266,677,1,0
BRDA:3276,678,0,0
BRDA:3276,678,1,0
BRDA:3276,678,2,0
BRDA:3276,678,3,0
BRDA:3276,678,4,0
BRDA:3276,678,5,0
BRDA:3276,678,6,0
BRDA:3279,679,0,0
BRDA:3279,679,1,0
BRDA:3279,680,0,0
BRDA:3279,680,1,0
BRDA:3279,680,2,0
BRDA:3279,680,3,0
BRDA:3292,681,0,0
BRDA:3292,681,1,0
BRDA:3300,682,0,0
BRDA:3300,682,1,0
BRDA:3301,683,0,0
BRDA:3301,683,1,0
BRDA:3304,684,0,0
BRDA:3304,684,1,0
BRDA:3312,685,0,0
BRDA:3312,685,1,0
BRDA:3315,686,0,0
BRDA:3315,686,1,0
BRDA:3321,687,0,0
BRDA:3321,687,1,0
BRDA:3327,688,0,0
BRDA:3327,688,1,0
BRDA:3333,689,0,0
BRDA:3333,689,1,0
BRDA:3339,690,0,0
BRDA:3339,690,1,0
BRDA:3345,691,0,0
BRDA:3345,691,1,0
BRDA:3348,692,0,0
BRDA:3348,692,1,0
BRDA:3348,693,0,0
BRDA:3348,693,1,0
BRDA:3351,694,0,0
BRDA:3351,694,1,0
BRDA:3351,694,2,0
BRDA:3351,694,3,0
BRDA:3351,694,4,0
BRDA:3351,694,5,0
BRDA:3360,695,0,0
BRDA:3360,695,1,0
BRDA:3360,695,2,0
BRDA:3360,695,3,0
BRDA:3365,696,0,0
BRDA:3365,696,1,0
BRDA:3366,697,0,0
BRDA:3366,697,1,0
BRDA:3378,698,0,0
BRDA:3378,698,1,0
BRDA:3378,698,2,0
BRDA:3378,698,3,0
BRDA:3383,699,0,0
BRDA:3383,699,1,0
BRDA:3384,700,0,0
BRDA:3384,700,1,0
BRDA:3396,701,0,0
BRDA:3396,701,1,0
BRDA:3396,701,2,0
BRDA:3396,701,3,0
BRDA:3399,702,0,0
BRDA:3399,702,1,0
BRDA:3400,703,0,0
BRDA:3400,703,1,0
BRDA:3404,704,0,0
BRDA:3404,704,1,0
BRDA:3415,705,0,0
BRDA:3415,705,1,0
BRDA:3423,706,0,0
BRDA:3423,706,1,0
BRDA:3431,707,0,0
BRDA:3431,707,1,0
BRDA:3432,708,0,0
BRDA:3432,708,1,0
BRDA:3438,709,0,0
BRDA:3438,709,1,0
BRF:1519
BRH:0
end_of_record
TN:
SF:src\components\Dashboard\CollaborationBanner.jsx
FN:17,CollaborationBanner
FN:32,(anonymous_1)
FN:36,(anonymous_2)
FN:40,(anonymous_3)
FN:43,(anonymous_4)
FN:45,(anonymous_5)
FN:46,(anonymous_6)
FN:57,(anonymous_7)
FN:59,(anonymous_8)
FN:61,(anonymous_9)
FN:72,(anonymous_10)
FN:76,(anonymous_11)
FNF:12
FNH:0
FNDA:0,CollaborationBanner
FNDA:0,(anonymous_1)
FNDA:0,(anonymous_2)
FNDA:0,(anonymous_3)
FNDA:0,(anonymous_4)
FNDA:0,(anonymous_5)
FNDA:0,(anonymous_6)
FNDA:0,(anonymous_7)
FNDA:0,(anonymous_8)
FNDA:0,(anonymous_9)
FNDA:0,(anonymous_10)
FNDA:0,(anonymous_11)
DA:18,0
DA:24,0
DA:26,0
DA:27,0
DA:28,0
DA:29,0
DA:31,0
DA:33,0
DA:34,0
DA:35,0
DA:36,0
DA:39,0
DA:40,0
DA:43,0
DA:44,0
DA:45,0
DA:46,0
DA:48,0
DA:52,0
DA:53,0
DA:55,0
DA:57,0
DA:59,0
DA:60,0
DA:61,0
DA:65,0
DA:72,0
DA:76,0
LF:28
LH:0
BRDA:34,0,0,0
BRDA:34,0,1,0
BRDA:36,1,0,0
BRDA:36,1,1,0
BRDA:44,2,0,0
BRDA:44,2,1,0
BRDA:52,3,0,0
BRDA:52,3,1,0
BRDA:53,4,0,0
BRDA:53,4,1,0
BRDA:53,4,2,0
BRDA:66,5,0,0
BRDA:66,5,1,0
BRDA:68,6,0,0
BRDA:68,6,1,0
BRDA:72,7,0,0
BRDA:72,7,1,0
BRDA:123,8,0,0
BRDA:123,8,1,0
BRDA:124,9,0,0
BRDA:124,9,1,0
BRDA:124,10,0,0
BRDA:124,10,1,0
BRDA:124,11,0,0
BRDA:124,11,1,0
BRDA:132,12,0,0
BRDA:132,12,1,0
BRDA:133,13,0,0
BRDA:133,13,1,0
BRDA:135,14,0,0
BRDA:135,14,1,0
BRF:31
BRH:0
end_of_record
TN:
SF:src\components\Dashboard\CollaborationPanel.jsx
FN:37,isBotLogin
FN:60,FullscreenCollaborationGraph
FN:73,(anonymous_2)
FN:79,(anonymous_3)
FN:80,(anonymous_4)
FN:81,(anonymous_5)
FN:86,(anonymous_6)
FN:97,(anonymous_7)
FN:109,(anonymous_8)
FN:125,(anonymous_9)
FN:127,(anonymous_10)
FN:132,(anonymous_11)
FN:142,(anonymous_12)
FN:144,(anonymous_13)
FN:145,(anonymous_14)
FN:147,(anonymous_15)
FN:153,(anonymous_16)
FN:158,(anonymous_17)
FN:159,(anonymous_18)
FN:170,(anonymous_19)
FN:171,(anonymous_20)
FN:171,(anonymous_21)
FN:171,(anonymous_22)
FN:177,(anonymous_23)
FN:181,(anonymous_24)
FN:183,(anonymous_25)
FN:187,(anonymous_26)
FN:192,(anonymous_27)
FN:195,(anonymous_28)
FN:203,(anonymous_29)
FN:207,(anonymous_30)
FN:214,(anonymous_31)
FN:217,(anonymous_32)
FN:301,(anonymous_33)
FN:329,(anonymous_34)
FN:342,(anonymous_35)
FN:343,(anonymous_36)
FN:344,(anonymous_37)
FN:390,(anonymous_38)
FN:416,(anonymous_39)
FN:468,BridgeUsersList
FN:474,(anonymous_41)
FN:478,(anonymous_42)
FN:515,CollaborationPanel
FN:523,(anonymous_44)
FN:529,(anonymous_45)
FN:531,(anonymous_46)
FN:538,(anonymous_47)
FN:540,(anonymous_48)
FN:544,(anonymous_49)
FN:547,(anonymous_50)
FN:550,(anonymous_51)
FN:558,(anonymous_52)
FN:665,(anonymous_53)
FNF:54
FNH:0
FNDA:0,isBotLogin
FNDA:0,FullscreenCollaborationGraph
FNDA:0,(anonymous_2)
FNDA:0,(anonymous_3)
FNDA:0,(anonymous_4)
FNDA:0,(anonymous_5)
FNDA:0,(anonymous_6)
FNDA:0,(anonymous_7)
FNDA:0,(anonymous_8)
FNDA:0,(anonymous_9)
FNDA:0,(anonymous_10)
FNDA:0,(anonymous_11)
FNDA:0,(anonymous_12)
FNDA:0,(anonymous_13)
FNDA:0,(anonymous_14)
FNDA:0,(anonymous_15)
FNDA:0,(anonymous_16)
FNDA:0,(anonymous_17)
FNDA:0,(anonymous_18)
FNDA:0,(anonymous_19)
FNDA:0,(anonymous_20)
FNDA:0,(anonymous_21)
FNDA:0,(anonymous_22)
FNDA:0,(anonymous_23)
FNDA:0,(anonymous_24)
FNDA:0,(anonymous_25)
FNDA:0,(anonymous_26)
FNDA:0,(anonymous_27)
FNDA:0,(anonymous_28)
FNDA:0,(anonymous_29)
FNDA:0,(anonymous_30)
FNDA:0,(anonymous_31)
FNDA:0,(anonymous_32)
FNDA:0,(anonymous_33)
FNDA:0,(anonymous_34)
FNDA:0,(anonymous_35)
FNDA:0,(anonymous_36)
FNDA:0,(anonymous_37)
FNDA:0,(anonymous_38)
FNDA:0,(anonymous_39)
FNDA:0,BridgeUsersList
FNDA:0,(anonymous_41)
FNDA:0,(anonymous_42)
FNDA:0,CollaborationPanel
FNDA:0,(anonymous_44)
FNDA:0,(anonymous_45)
FNDA:0,(anonymous_46)
FNDA:0,(anonymous_47)
FNDA:0,(anonymous_48)
FNDA:0,(anonymous_49)
FNDA:0,(anonymous_50)
FNDA:0,(anonymous_51)
FNDA:0,(anonymous_52)
FNDA:0,(anonymous_53)
DA:28,0
DA:38,0
DA:39,0
DA:40,0
DA:45,0
DA:55,0
DA:61,0
DA:62,0
DA:63,0
DA:64,0
DA:65,0
DA:66,0
DA:67,0
DA:68,0
DA:70,0
DA:73,0
DA:74,0
DA:76,0
DA:79,0
DA:80,0
DA:81,0
DA:83,0
DA:86,0
DA:87,0
DA:88,0
DA:97,0
DA:98,0
DA:99,0
DA:100,0
DA:109,0
DA:110,0
DA:111,0
DA:112,0
DA:113,0
DA:121,0
DA:125,0
DA:126,0
DA:127,0
DA:128,0
DA:132,0
DA:133,0
DA:134,0
DA:135,0
DA:136,0
DA:137,0
DA:138,0
DA:142,0
DA:143,0
DA:144,0
DA:145,0
DA:147,0
DA:151,0
DA:153,0
DA:154,0
DA:155,0
DA:157,0
DA:158,0
DA:159,0
DA:160,0
DA:162,0
DA:163,0
DA:164,0
DA:165,0
DA:166,0
DA:167,0
DA:168,0
DA:170,0
DA:171,0
DA:174,0
DA:177,0
DA:178,0
DA:179,0
DA:180,0
DA:181,0
DA:183,0
DA:187,0
DA:188,0
DA:189,0
DA:192,0
DA:193,0
DA:194,0
DA:195,0
DA:196,0
DA:197,0
DA:198,0
DA:202,0
DA:203,0
DA:207,0
DA:208,0
DA:209,0
DA:214,0
DA:215,0
DA:216,0
DA:217,0
DA:218,0
DA:219,0
DA:220,0
DA:223,0
DA:226,0
DA:227,0
DA:235,0
DA:302,0
DA:303,0
DA:304,0
DA:306,0
DA:309,0
DA:311,0
DA:330,0
DA:331,0
DA:332,0
DA:333,0
DA:335,0
DA:336,0
DA:337,0
DA:339,0
DA:342,0
DA:343,0
DA:344,0
DA:390,0
DA:417,0
DA:418,0
DA:419,0
DA:420,0
DA:422,0
DA:423,0
DA:424,0
DA:425,0
DA:426,0
DA:428,0
DA:430,0
DA:469,0
DA:470,0
DA:472,0
DA:474,0
DA:478,0
DA:516,0
DA:522,0
DA:523,0
DA:526,0
DA:529,0
DA:530,0
DA:531,0
DA:533,0
DA:538,0
DA:539,0
DA:540,0
DA:541,0
DA:543,0
DA:544,0
DA:547,0
DA:548,0
DA:550,0
DA:553,0
DA:555,0
DA:556,0
DA:557,0
DA:558,0
DA:559,0
DA:561,0
DA:665,0
LF:160
LH:0
BRDA:38,0,0,0
BRDA:38,0,1,0
BRDA:40,1,0,0
BRDA:40,1,1,0
BRDA:40,1,2,0
BRDA:70,2,0,0
BRDA:70,2,1,0
BRDA:74,3,0,0
BRDA:74,3,1,0
BRDA:112,4,0,0
BRDA:112,4,1,0
BRDA:117,5,0,0
BRDA:117,5,1,0
BRDA:143,6,0,0
BRDA:143,6,1,0
BRDA:154,7,0,0
BRDA:154,7,1,0
BRDA:154,8,0,0
BRDA:154,8,1,0
BRDA:155,9,0,0
BRDA:155,9,1,0
BRDA:160,10,0,0
BRDA:160,10,1,0
BRDA:160,11,0,0
BRDA:160,11,1,0
BRDA:163,12,0,0
BRDA:163,12,1,0
BRDA:165,13,0,0
BRDA:165,13,1,0
BRDA:165,14,0,0
BRDA:165,14,1,0
BRDA:178,15,0,0
BRDA:178,15,1,0
BRDA:188,16,0,0
BRDA:188,16,1,0
BRDA:193,17,0,0
BRDA:193,17,1,0
BRDA:196,18,0,0
BRDA:196,18,1,0
BRDA:208,19,0,0
BRDA:208,19,1,0
BRDA:208,20,0,0
BRDA:208,20,1,0
BRDA:208,20,2,0
BRDA:215,21,0,0
BRDA:215,21,1,0
BRDA:218,22,0,0
BRDA:218,22,1,0
BRDA:218,23,0,0
BRDA:218,23,1,0
BRDA:226,24,0,0
BRDA:226,24,1,0
BRDA:304,25,0,0
BRDA:304,25,1,0
BRDA:304,26,0,0
BRDA:304,26,1,0
BRDA:306,27,0,0
BRDA:306,27,1,0
BRDA:306,27,2,0
BRDA:309,28,0,0
BRDA:309,28,1,0
BRDA:315,29,0,0
BRDA:315,29,1,0
BRDA:316,30,0,0
BRDA:316,30,1,0
BRDA:318,31,0,0
BRDA:318,31,1,0
BRDA:319,32,0,0
BRDA:319,32,1,0
BRDA:320,33,0,0
BRDA:320,33,1,0
BRDA:332,34,0,0
BRDA:332,34,1,0
BRDA:332,34,2,0
BRDA:335,35,0,0
BRDA:335,35,1,0
BRDA:336,36,0,0
BRDA:336,36,1,0
BRDA:337,37,0,0
BRDA:337,37,1,0
BRDA:345,38,0,0
BRDA:345,38,1,0
BRDA:348,39,0,0
BRDA:348,39,1,0
BRDA:349,40,0,0
BRDA:349,40,1,0
BRDA:357,41,0,0
BRDA:357,41,1,0
BRDA:357,42,0,0
BRDA:357,42,1,0
BRDA:360,43,0,0
BRDA:360,43,1,0
BRDA:371,44,0,0
BRDA:371,44,1,0
BRDA:371,44,2,0
BRDA:389,45,0,0
BRDA:389,45,1,0
BRDA:416,46,0,0
BRDA:416,46,1,0
BRDA:418,47,0,0
BRDA:418,47,1,0
BRDA:418,47,2,0
BRDA:418,47,3,0
BRDA:420,48,0,0
BRDA:420,48,1,0
BRDA:420,49,0,0
BRDA:420,49,1,0
BRDA:424,50,0,0
BRDA:424,50,1,0
BRDA:425,51,0,0
BRDA:425,51,1,0
BRDA:426,52,0,0
BRDA:426,52,1,0
BRDA:428,53,0,0
BRDA:428,53,1,0
BRDA:428,54,0,0
BRDA:428,54,1,0
BRDA:444,55,0,0
BRDA:444,55,1,0
BRDA:449,56,0,0
BRDA:449,56,1,0
BRDA:455,57,0,0
BRDA:455,57,1,0
BRDA:470,58,0,0
BRDA:470,58,1,0
BRDA:481,59,0,0
BRDA:481,59,1,0
BRDA:489,60,0,0
BRDA:489,60,1,0
BRDA:498,61,0,0
BRDA:498,61,1,0
BRDA:476,62,0,0
BRDA:476,62,1,0
BRDA:530,63,0,0
BRDA:530,63,1,0
BRDA:539,64,0,0
BRDA:539,64,1,0
BRDA:541,65,0,0
BRDA:541,65,1,0
BRDA:553,66,0,0
BRDA:553,66,1,0
BRDA:558,67,0,0
BRDA:558,67,1,0
BRDA:562,68,0,0
BRDA:562,68,1,0
BRDA:622,69,0,0
BRDA:622,69,1,0
BRDA:626,70,0,0
BRDA:626,70,1,0
BRDA:630,71,0,0
BRDA:630,71,1,0
BRDA:634,72,0,0
BRDA:634,72,1,0
BRDA:638,73,0,0
BRDA:638,73,1,0
BRDA:642,74,0,0
BRDA:642,74,1,0
BRDA:661,75,0,0
BRDA:661,75,1,0
BRDA:668,76,0,0
BRDA:668,76,1,0
BRDA:670,77,0,0
BRDA:670,77,1,0
BRF:163
BRH:0
end_of_record
TN:
SF:src\components\Dashboard\ContributorSankey.jsx
FN:45,_areSiblingOrgs
FN:63,ContributorSankey
FN:65,(anonymous_2)
FN:66,(anonymous_3)
FN:67,(anonymous_4)
FN:69,(anonymous_5)
FN:76,(anonymous_6)
FN:78,(anonymous_7)
FN:82,(anonymous_8)
FN:90,(anonymous_9)
FN:107,(anonymous_10)
FN:110,(anonymous_11)
FN:127,(anonymous_12)
FN:133,(anonymous_13)
FN:150,(anonymous_14)
FN:152,(anonymous_15)
FN:176,(anonymous_16)
FN:177,(anonymous_17)
FN:179,(anonymous_18)
FN:183,(anonymous_19)
FN:188,(anonymous_20)
FN:227,(anonymous_21)
FN:228,(anonymous_22)
FN:240,(anonymous_23)
FN:251,(anonymous_24)
FN:261,(anonymous_25)
FN:292,(anonymous_26)
FN:304,(anonymous_27)
FN:314,(anonymous_28)
FN:314,(anonymous_29)
FN:355,(anonymous_30)
FN:383,(anonymous_31)
FN:397,(anonymous_32)
FN:400,(anonymous_33)
FN:423,(anonymous_34)
FN:490,(anonymous_35)
FN:511,(anonymous_36)
FN:515,(anonymous_37)
FN:516,(anonymous_38)
FN:539,computeFromMockData
FN:545,(anonymous_40)
FN:549,(anonymous_41)
FN:563,(anonymous_42)
FN:566,(anonymous_43)
FN:573,(anonymous_44)
FN:575,(anonymous_45)
FN:576,(anonymous_46)
[...]
FN:244,(anonymous_25)
FN:257,(anonymous_26)
FN:273,(anonymous_27)
FNF:28
FNH:21
FNDA:1,(anonymous_0)
FNDA:1,(anonymous_1)
FNDA:2,(anonymous_2)
FNDA:1,(anonymous_3)
FNDA:2,(anonymous_4)
FNDA:1,(anonymous_5)
FNDA:2,(anonymous_6)
FNDA:2,(anonymous_7)
FNDA:2,(anonymous_8)
FNDA:1,(anonymous_9)
FNDA:0,(anonymous_10)
FNDA:3,(anonymous_11)
FNDA:1,(anonymous_12)
FNDA:1,(anonymous_13)
FNDA:0,(anonymous_14)
FNDA:1,(anonymous_15)
FNDA:0,(anonymous_16)
FNDA:0,(anonymous_17)
FNDA:0,(anonymous_18)
FNDA:1,(anonymous_19)
FNDA:0,(anonymous_20)
FNDA:0,(anonymous_21)
FNDA:1,(anonymous_22)
FNDA:1,(anonymous_23)
FNDA:1,(anonymous_24)
FNDA:3,(anonymous_25)
FNDA:1,(anonymous_26)
FNDA:2,(anonymous_27)
DA:26,1
DA:57,1
DA:60,2
DA:61,2
DA:62,2
DA:65,2
DA:66,2
DA:67,1
DA:69,1
DA:76,2
DA:77,2
DA:78,1
DA:79,1
DA:81,1
DA:82,1
DA:87,2
DA:88,2
DA:89,2
DA:90,1
DA:91,1
DA:93,1
DA:94,1
DA:95,1
DA:100,2
DA:101,2
DA:102,2
DA:103,1
DA:110,1
DA:111,1
DA:112,1
DA:113,1
DA:115,1
DA:116,1
DA:117,1
DA:122,1
DA:123,1
DA:124,1
DA:140,3
DA:141,3
DA:143,2
DA:144,2
DA:145,2
DA:148,1
DA:153,1
DA:155,1
DA:157,1
DA:158,1
DA:159,1
DA:164,1
DA:165,1
DA:167,1
DA:168,1
DA:169,1
DA:172,1
DA:173,0
DA:174,0
DA:178,0
DA:183,1
DA:184,1
DA:186,1
DA:187,0
DA:188,0
DA:190,0
DA:192,0
DA:197,0
DA:198,0
DA:199,0
DA:200,0
DA:207,1
DA:213,0
DA:214,0
DA:215,0
DA:216,0
DA:217,0
DA:218,0
DA:219,0
DA:225,1
DA:226,1
DA:228,1
DA:229,1
DA:230,1
DA:232,1
DA:236,0
DA:245,3
DA:246,3
DA:248,2
DA:249,2
DA:250,2
DA:251,2
DA:253,0
DA:258,1
DA:259,1
DA:261,1
DA:262,1
DA:263,1
DA:265,0
DA:274,2
DA:275,2
DA:277,2
DA:278,2
DA:279,2
DA:280,2
DA:282,0
LF:103
LH:81
BRDA:66,0,0,1
BRDA:66,0,1,1
BRDA:86,1,0,2
BRDA:93,2,0,1
BRDA:93,2,1,0
BRDA:115,3,0,1
BRDA:115,3,1,0
BRDA:141,4,0,1
BRDA:141,4,1,2
BRDA:157,5,0,1
BRDA:157,5,1,0
BRDA:165,6,0,0
BRDA:165,6,1,1
BRDA:173,7,0,0
BRDA:173,7,1,0
BRDA:184,8,0,0
BRDA:184,8,1,1
BRDA:184,9,0,1
BRDA:184,9,1,1
BRDA:192,10,0,0
BRDA:192,10,1,0
BRDA:197,11,0,0
BRDA:197,11,1,0
BRDA:214,12,0,0
BRDA:214,12,1,0
BRDA:226,13,0,0
BRDA:226,13,1,1
BRDA:232,14,0,1
BRDA:232,14,1,0
BRDA:246,15,0,1
BRDA:246,15,1,2
BRDA:259,16,0,0
BRDA:259,16,1,1
BRDA:275,17,0,0
BRDA:275,17,1,2
BRF:35
BRH:18
end_of_record
TN:
SF:src\store\dashboardStore.js
FN:38,computeTemporalVisibility
FN:149,(anonymous_1)
FN:174,(anonymous_2)
FN:182,(anonymous_3)
FN:184,(anonymous_4)
FN:187,(anonymous_5)
FN:231,(anonymous_6)
FN:251,(anonymous_7)
FN:273,(anonymous_8)
FN:295,(anonymous_9)
FN:377,(anonymous_10)
FN:386,(anonymous_11)
FN:389,(anonymous_12)
FN:420,(anonymous_13)
FN:429,(anonymous_14)
FN:432,(anonymous_15)
FN:461,(anonymous_16)
FN:485,(anonymous_17)
FN:494,(anonymous_18)
FN:497,(anonymous_19)
FN:526,(anonymous_20)
FN:532,(anonymous_21)
FN:550,(anonymous_22)
FN:556,(anonymous_23)
FN:573,(anonymous_24)
FN:598,(anonymous_25)
FN:641,(anonymous_26)
FN:666,(anonymous_27)
FN:706,(anonymous_28)
FN:713,(anonymous_29)
FN:721,(anonymous_30)
FN:752,(anonymous_31)
FN:799,(anonymous_32)
FN:826,(anonymous_33)
FN:837,(anonymous_34)
FN:859,(anonymous_35)
FN:866,(anonymous_36)
FN:885,(anonymous_37)
FN:900,(anonymous_38)
FN:935,(anonymous_39)
FN:936,(anonymous_40)
FN:944,(anonymous_41)
FN:952,(anonymous_42)
FN:960,(anonymous_43)
FN:979,(anonymous_44)
FN:980,(anonymous_45)
FN:989,(anonymous_46)
FN:991,(anonymous_47)
FN:997,(anonymous_48)
FN:999,(anonymous_49)
FN:1000,(anonymous_50)
FN:1005,(anonymous_51)
FN:1023,(anonymous_52)
FN:1024,(anonymous_53)
FN:1033,(anonymous_54)
FN:1040,(anonymous_55)
FN:1044,(anonymous_56)
FN:1048,(anonymous_57)
FN:1052,(anonymous_58)
FN:1068,(anonymous_59)
FN:1070,(anonymous_60)
FN:1079,(anonymous_61)
FN:1085,(anonymous_62)
FN:1091,(anonymous_63)
FN:1097,(anonymous_64)
FN:1099,(anonymous_65)
FN:1103,(anonymous_66)
FN:1105,(anonymous_67)
FN:1106,(anonymous_68)
FN:1113,(anonymous_69)
FN:1118,(anonymous_70)
FN:1122,(anonymous_71)
FN:1125,(anonymous_72)
FN:1134,(anonymous_73)
FN:1138,(anonymous_74)
FN:1143,(anonymous_75)
FN:1150,(anonymous_76)
FN:1172,(anonymous_77)
FNF:78
FNH:25
FNDA:10,computeTemporalVisibility
FNDA:2,(anonymous_1)
FNDA:2,(anonymous_2)
FNDA:3,(anonymous_3)
FNDA:0,(anonymous_4)
FNDA:0,(anonymous_5)
FNDA:0,(anonymous_6)
FNDA:0,(anonymous_7)
FNDA:0,(anonymous_8)
FNDA:6,(anonymous_9)
FNDA:0,(anonymous_10)
FNDA:0,(anonymous_11)
FNDA:0,(anonymous_12)
FNDA:0,(anonymous_13)
FNDA:0,(anonymous_14)
FNDA:0,(anonymous_15)
FNDA:1,(anonymous_16)
FNDA:0,(anonymous_17)
FNDA:0,(anonymous_18)
FNDA:0,(anonymous_19)
FNDA:2,(anonymous_20)
FNDA:1,(anonymous_21)
FNDA:2,(anonymous_22)
FNDA:1,(anonymous_23)
FNDA:2,(anonymous_24)
FNDA:1,(anonymous_25)
FNDA:1,(anonymous_26)
FNDA:2,(anonymous_27)
FNDA:1,(anonymous_28)
FNDA:1,(anonymous_29)
FNDA:2,(anonymous_30)
FNDA:2,(anonymous_31)
FNDA:2,(anonymous_32)
FNDA:2,(anonymous_33)
FNDA:2,(anonymous_34)
FNDA:1,(anonymous_35)
FNDA:2,(anonymous_36)
FNDA:1,(anonymous_37)
FNDA:2,(anonymous_38)
FNDA:0,(anonymous_39)
FNDA:0,(anonymous_40)
FNDA:0,(anonymous_41)
FNDA:0,(anonymous_42)
FNDA:0,(anonymous_43)
FNDA:0,(anonymous_44)
FNDA:0,(anonymous_45)
FNDA:0,(anonymous_46)
FNDA:0,(anonymous_47)
FNDA:0,(anonymous_48)
FNDA:0,(anonymous_49)
FNDA:0,(anonymous_50)
FNDA:0,(anonymous_51)
FNDA:0,(anonymous_52)
FNDA:0,(anonymous_53)
FNDA:0,(anonymous_54)
FNDA:0,(anonymous_55)
FNDA:0,(anonymous_56)
FNDA:0,(anonymous_57)
FNDA:0,(anonymous_58)
FNDA:0,(anonymous_59)
FNDA:0,(anonymous_60)
FNDA:0,(anonymous_61)
FNDA:0,(anonymous_62)
FNDA:0,(anonymous_63)
FNDA:0,(anonymous_64)
FNDA:0,(anonymous_65)
FNDA:0,(anonymous_66)
FNDA:0,(anonymous_67)
FNDA:0,(anonymous_68)
FNDA:0,(anonymous_69)
FNDA:0,(anonymous_70)
FNDA:0,(anonymous_71)
FNDA:0,(anonymous_72)
FNDA:0,(anonymous_73)
FNDA:0,(anonymous_74)
FNDA:0,(anonymous_75)
FNDA:0,(anonymous_76)
FNDA:0,(anonymous_77)
DA:27,2
DA:39,10
DA:40,8
DA:42,7
DA:43,10
DA:45,10
DA:51,10
DA:52,31
DA:53,31
DA:54,19
DA:55,19
DA:56,18
DA:57,16
DA:58,16
DA:59,10
DA:60,6
DA:61,1
DA:63,16
DA:67,7
DA:68,18
DA:69,18
DA:70,12
DA:71,12
DA:72,9
DA:73,18
DA:77,7
DA:78,18
DA:79,18
DA:80,6
DA:81,6
DA:82,2
DA:83,18
DA:86,7
DA:93,2
DA:147,2
DA:149,2
DA:175,2
DA:177,2
DA:178,2
DA:179,2
DA:182,1
DA:183,3
DA:184,3
DA:187,0
DA:193,1
DA:199,2
DA:206,2
DA:212,2
DA:225,2
DA:226,2
DA:227,2
DA:231,2
DA:233,2
DA:235,1
DA:236,1
DA:241,1
DA:253,0
DA:254,0
DA:255,0
DA:256,0
DA:258,0
DA:261,0
DA:262,0
DA:263,0
DA:266,0
DA:274,0
DA:296,6
DA:297,6
DA:300,6
DA:302,6
DA:303,6
DA:304,6
DA:305,6
DA:307,6
DA:309,3
DA:310,3
DA:311,3
DA:314,1
DA:315,1
DA:318,1
DA:319,1
DA:322,1
DA:323,1
DA:326,0
DA:327,0
DA:331,6
DA:341,6
DA:342,6
DA:343,6
DA:344,0
DA:345,0
DA:346,0
DA:351,6
DA:354,6
DA:355,5
DA:357,6
DA:358,6
DA:360,6
DA:364,5
DA:365,5
DA:366,5
DA:374,5
DA:377,5
DA:378,0
DA:379,0
DA:380,0
DA:381,0
DA:383,0
DA:385,0
DA:386,0
DA:389,0
DA:395,5
DA:404,5
DA:406,5
DA:407,5
DA:408,5
DA:413,1
DA:414,1
DA:415,1
DA:418,1
DA:420,1
DA:421,0
DA:422,0
DA:423,0
DA:424,0
DA:426,0
DA:428,0
DA:429,0
DA:432,0
DA:437,1
DA:446,1
DA:448,1
DA:449,1
DA:450,1
DA:462,1
DA:471,1
DA:472,1
DA:473,1
DA:474,0
DA:475,0
DA:476,0
DA:481,1
DA:482,1
DA:483,1
DA:485,1
DA:486,0
DA:487,0
DA:488,0
DA:489,0
DA:491,0
DA:493,0
DA:494,0
DA:497,0
DA:502,1
DA:511,1
DA:512,1
DA:527,2
DA:528,2
DA:530,2
DA:531,2
DA:532,1
DA:535,2
DA:551,2
DA:552,2
DA:554,2
DA:555,2
DA:556,1
DA:559,2
DA:574,2
DA:577,2
DA:579,2
DA:588,2
DA:589,1
DA:591,1
DA:599,1
DA:602,1
DA:603,1
DA:604,1
DA:606,1
DA:607,0
DA:608,0
DA:611,1
DA:613,1
DA:614,1
DA:617,1
DA:618,1
DA:619,0
DA:620,0
DA:621,0
DA:622,0
DA:625,1
DA:631,1
DA:633,0
DA:634,0
DA:642,1
DA:667,2
DA:669,2
DA:670,2
DA:671,2
DA:673,1
DA:674,2
DA:684,2
DA:685,1
DA:687,0
DA:690,1
DA:692,1
DA:693,1
DA:698,1
DA:707,1
DA:714,1
DA:722,2
DA:723,2
DA:724,2
DA:726,1
DA:728,1
DA:733,1
DA:736,0
DA:737,2
DA:738,2
DA:740,0
DA:741,0
DA:753,2
DA:754,2
DA:755,2
DA:757,1
DA:758,1
DA:763,1
DA:766,0
DA:767,0
DA:768,2
DA:769,2
DA:771,0
DA:772,0
DA:800,2
DA:801,2
DA:803,2
DA:804,2
DA:805,2
DA:806,1
DA:810,1
DA:812,1
DA:813,1
DA:817,1
DA:827,2
DA:828,2
DA:829,2
DA:838,2
DA:839,1
DA:841,1
DA:842,1
DA:843,1
DA:844,1
DA:848,1
DA:850,0
DA:851,0
DA:852,0
DA:860,1
DA:867,2
DA:868,2
DA:886,1
DA:887,1
DA:889,1
DA:890,1
DA:891,1
DA:893,1
DA:901,2
DA:902,2
DA:935,2
DA:936,0
DA:937,0
DA:938,0
DA:940,0
DA:943,0
DA:944,0
DA:945,0
DA:951,0
DA:952,0
DA:953,0
DA:959,0
DA:960,0
DA:963,0
DA:979,2
DA:980,0
DA:981,0
DA:982,0
DA:983,0
DA:985,0
DA:988,0
DA:989,0
DA:990,0
DA:991,0
DA:996,0
DA:997,0
DA:998,0
DA:999,0
DA:1000,0
DA:1005,0
DA:1023,2
DA:1024,0
DA:1025,0
DA:1026,0
DA:1027,0
DA:1029,0
DA:1032,0
DA:1033,0
DA:1037,0
DA:1038,0
DA:1041,0
DA:1044,0
DA:1048,0
DA:1052,0
DA:1068,2
DA:1070,0
DA:1072,0
DA:1073,0
DA:1074,0
DA:1077,0
DA:1078,0
DA:1079,0
DA:1080,0
DA:1084,0
DA:1085,0
DA:1086,0
DA:1090,0
DA:1091,0
DA:1095,0
DA:1096,0
DA:1097,0
DA:1098,0
DA:1099,0
DA:1102,0
DA:1103,0
DA:1104,0
DA:1105,0
DA:1106,0
DA:1111,0
DA:1112,0
DA:1113,0
DA:1115,0
DA:1116,0
DA:1119,0
DA:1122,0
DA:1125,0
DA:1129,0
DA:1130,0
DA:1131,0
DA:1133,0
DA:1134,0
DA:1137,0
DA:1138,0
DA:1142,0
DA:1143,0
DA:1144,0
DA:1145,0
DA:1146,0
DA:1149,0
DA:1150,0
DA:1152,0
DA:1172,2
DA:1173,0
DA:1174,0
DA:1176,0
LF:362
LH:210
BRDA:39,0,0,2
BRDA:39,0,1,8
BRDA:39,1,0,10
BRDA:39,1,1,9
BRDA:39,1,2,9
BRDA:40,2,0,1
BRDA:40,2,1,7
BRDA:40,3,0,8
BRDA:40,3,1,6
BRDA:42,4,0,6
BRDA:42,4,1,1
BRDA:43,5,0,6
BRDA:43,5,1,1
BRDA:53,6,0,12
BRDA:53,6,1,19
BRDA:55,7,0,1
BRDA:55,7,1,18
BRDA:56,8,0,2
BRDA:56,8,1,16
BRDA:56,9,0,18
BRDA:56,9,1,6
BRDA:58,10,0,10
BRDA:58,10,1,6
BRDA:58,11,0,16
BRDA:58,11,1,14
BRDA:60,12,0,1
BRDA:60,12,1,5
BRDA:60,13,0,6
BRDA:60,13,1,3
BRDA:63,14,0,11
BRDA:63,14,1,5
BRDA:69,15,0,6
BRDA:69,15,1,12
BRDA:71,16,0,3
BRDA:71,16,1,9
BRDA:72,17,0,9
BRDA:72,17,1,6
BRDA:73,18,0,6
BRDA:73,18,1,12
BRDA:79,19,0,12
BRDA:79,19,1,6
BRDA:81,20,0,4
BRDA:81,20,1,2
BRDA:82,21,0,2
BRDA:82,21,1,2
BRDA:83,22,0,2
BRDA:83,22,1,16
BRDA:174,23,0,2
BRDA:183,24,0,0
BRDA:183,24,1,3
BRDA:186,25,0,0
BRDA:186,25,1,0
BRDA:187,26,0,0
BRDA:187,26,1,0
BRDA:187,27,0,0
BRDA:187,27,1,0
BRDA:187,27,2,0
BRDA:193,28,0,1
BRDA:193,28,1,0
BRDA:194,29,0,1
BRDA:194,29,1,0
BRDA:195,30,0,1
BRDA:195,30,1,0
BRDA:199,31,0,1
BRDA:199,31,1,0
BRDA:200,32,0,1
BRDA:200,32,1,0
BRDA:207,33,0,2
BRDA:207,33,1,0
BRDA:207,34,0,0
BRDA:207,34,1,0
BRDA:208,35,0,2
BRDA:208,35,1,0
BRDA:208,35,2,0
BRDA:209,36,0,2
BRDA:209,36,1,0
BRDA:209,36,2,0
BRDA:226,37,0,1
BRDA:226,37,1,0
BRDA:226,38,0,1
BRDA:226,38,1,0
BRDA:307,39,0,3
BRDA:307,39,1,1
BRDA:307,39,2,1
BRDA:307,39,3,1
BRDA:307,39,4,0
BRDA:309,40,0,1
BRDA:309,40,1,2
BRDA:310,41,0,1
BRDA:310,41,1,2
BRDA:314,42,0,0
BRDA:314,42,1,1
BRDA:318,43,0,0
BRDA:318,43,1,1
BRDA:322,44,0,0
BRDA:322,44,1,1
BRDA:343,45,0,0
BRDA:343,45,1,6
BRDA:345,46,0,0
BRDA:345,46,1,0
BRDA:351,47,0,6
BRDA:351,47,1,4
BRDA:351,47,2,3
BRDA:351,47,3,2
BRDA:354,48,0,5
BRDA:354,48,1,1
BRDA:360,49,0,5
BRDA:360,49,1,1
BRDA:374,50,0,0
BRDA:374,50,1,5
BRDA:378,51,0,0
BRDA:378,51,1,0
BRDA:378,52,0,0
BRDA:378,52,1,0
BRDA:378,52,2,0
BRDA:385,53,0,0
BRDA:385,53,1,0
BRDA:388,54,0,0
BRDA:388,54,1,0
BRDA:389,55,0,0
BRDA:389,55,1,0
BRDA:389,56,0,0
BRDA:389,56,1,0
BRDA:389,56,2,0
BRDA:406,57,0,0
BRDA:406,57,1,5
BRDA:418,58,0,0
BRDA:418,58,1,1
BRDA:421,59,0,0
BRDA:421,59,1,0
BRDA:421,60,0,0
BRDA:421,60,1,0
BRDA:421,60,2,0
BRDA:428,61,0,0
BRDA:428,61,1,0
BRDA:431,62,0,0
BRDA:431,62,1,0
BRDA:432,63,0,0
BRDA:432,63,1,0
BRDA:432,64,0,0
BRDA:432,64,1,0
BRDA:432,64,2,0
BRDA:448,65,0,0
BRDA:448,65,1,1
BRDA:473,66,0,0
BRDA:473,66,1,1
BRDA:486,67,0,0
BRDA:486,67,1,0
BRDA:486,68,0,0
BRDA:486,68,1,0
BRDA:486,68,2,0
BRDA:493,69,0,0
BRDA:493,69,1,0
BRDA:496,70,0,0
BRDA:496,70,1,0
BRDA:497,71,0,0
BRDA:497,71,1,0
BRDA:497,72,0,0
BRDA:497,72,1,0
BRDA:497,72,2,0
BRDA:531,73,0,1
BRDA:531,73,1,1
BRDA:537,74,0,0
BRDA:537,74,1,2
BRDA:539,75,0,1
BRDA:539,75,1,1
BRDA:540,76,0,1
BRDA:540,76,1,1
BRDA:555,77,0,1
BRDA:555,77,1,1
BRDA:561,78,0,0
BRDA:561,78,1,2
BRDA:563,79,0,1
BRDA:563,79,1,1
BRDA:564,80,0,1
BRDA:564,80,1,1
BRDA:577,81,0,1
BRDA:577,81,1,1
BRDA:581,82,0,1
BRDA:581,82,1,1
BRDA:583,83,0,1
BRDA:583,83,1,1
BRDA:584,84,0,1
BRDA:584,84,1,1
BRDA:588,85,0,1
BRDA:588,85,1,1
BRDA:606,86,0,0
BRDA:606,86,1,1
BRDA:606,87,0,1
BRDA:606,87,1,1
BRDA:606,87,2,1
BRDA:617,88,0,1
BRDA:617,88,1,0
BRDA:619,89,0,0
BRDA:619,89,1,0
BRDA:621,90,0,0
BRDA:621,90,1,0
BRDA:627,91,0,1
BRDA:627,91,1,1
BRDA:631,92,0,1
BRDA:631,92,1,1
BRDA:666,93,0,2
BRDA:666,94,0,2
BRDA:673,95,0,1
BRDA:673,95,1,0
BRDA:680,96,0,2
BRDA:680,96,1,0
BRDA:684,97,0,1
BRDA:684,97,1,0
BRDA:706,98,0,1
BRDA:724,99,0,1
BRDA:724,99,1,1
BRDA:726,100,0,1
BRDA:726,100,1,0
BRDA:730,101,0,1
BRDA:730,101,1,0
BRDA:738,102,0,0
BRDA:738,102,1,2
BRDA:738,103,0,2
BRDA:738,103,1,0
BRDA:743,104,0,0
BRDA:743,104,1,0
BRDA:743,104,2,0
BRDA:755,105,0,1
BRDA:755,105,1,1
BRDA:757,106,0,1
BRDA:757,106,1,0
BRDA:757,107,0,1
BRDA:757,107,1,1
BRDA:769,108,0,0
BRDA:769,108,1,2
BRDA:769,109,0,2
BRDA:769,109,1,0
BRDA:799,110,0,2
BRDA:799,111,0,2
BRDA:800,112,0,0
BRDA:800,112,1,2
BRDA:815,113,0,1
BRDA:815,113,1,0
BRDA:828,114,0,1
BRDA:828,114,1,1
BRDA:829,115,0,2
BRDA:829,115,1,1
BRDA:838,116,0,1
BRDA:838,116,1,1
BRDA:838,117,0,2
BRDA:838,117,1,1
BRDA:869,118,0,2
BRDA:869,118,1,1
BRDA:869,118,2,1
BRDA:889,119,0,1
BRDA:889,119,1,0
BRDA:890,120,0,1
BRDA:890,120,1,0
BRDA:891,121,0,0
BRDA:891,121,1,1
BRDA:902,122,0,2
BRDA:902,122,1,1
BRDA:902,122,2,1
BRDA:938,123,0,0
BRDA:938,123,1,0
BRDA:938,124,0,0
BRDA:938,124,1,0
BRDA:943,125,0,0
BRDA:943,125,1,0
BRDA:945,126,0,0
BRDA:945,126,1,0
BRDA:951,127,0,0
BRDA:951,127,1,0
BRDA:953,128,0,0
BRDA:953,128,1,0
BRDA:959,129,0,0
BRDA:959,129,1,0
BRDA:983,130,0,0
BRDA:983,130,1,0
BRDA:983,131,0,0
BRDA:983,131,1,0
BRDA:988,132,0,0
BRDA:988,132,1,0
BRDA:990,133,0,0
BRDA:990,133,1,0
BRDA:991,134,0,0
BRDA:991,134,1,0
BRDA:996,135,0,0
BRDA:996,135,1,0
BRDA:996,136,0,0
BRDA:996,136,1,0
BRDA:998,137,0,0
BRDA:998,137,1,0
BRDA:1006,138,0,0
BRDA:1006,138,1,0
BRDA:1006,139,0,0
BRDA:1006,139,1,0
BRDA:1027,140,0,0
BRDA:1027,140,1,0
BRDA:1027,141,0,0
BRDA:1027,141,1,0
BRDA:1032,142,0,0
BRDA:1032,142,1,0
BRDA:1037,143,0,0
BRDA:1037,143,1,0
BRDA:1037,144,0,0
BRDA:1037,144,1,0
BRDA:1041,145,0,0
BRDA:1041,145,1,0
BRDA:1044,146,0,0
BRDA:1044,146,1,0
BRDA:1053,147,0,0
BRDA:1053,147,1,0
BRDA:1053,148,0,0
BRDA:1053,148,1,0
BRDA:1072,149,0,0
BRDA:1072,149,1,0
BRDA:1073,150,0,0
BRDA:1073,150,1,0
BRDA:1074,151,0,0
BRDA:1074,151,1,0
BRDA:1078,152,0,0
BRDA:1078,152,1,0
BRDA:1080,153,0,0
BRDA:1080,153,1,0
BRDA:1084,154,0,0
BRDA:1084,154,1,0
BRDA:1086,155,0,0
BRDA:1086,155,1,0
BRDA:1090,156,0,0
BRDA:1090,156,1,0
BRDA:1096,157,0,0
BRDA:1096,157,1,0
BRDA:1098,158,0,0
BRDA:1098,158,1,0
BRDA:1099,159,0,0
BRDA:1099,159,1,0
BRDA:1102,160,0,0
BRDA:1102,160,1,0
BRDA:1102,161,0,0
BRDA:1102,161,1,0
BRDA:1104,162,0,0
BRDA:1104,162,1,0
BRDA:1112,163,0,0
BRDA:1112,163,1,0
BRDA:1115,164,0,0
BRDA:1115,164,1,0
BRDA:1115,165,0,0
BRDA:1115,165,1,0
BRDA:1119,166,0,0
BRDA:1119,166,1,0
BRDA:1122,167,0,0
BRDA:1122,167,1,0
BRDA:1133,168,0,0
BRDA:1133,168,1,0
BRDA:1134,169,0,0
BRDA:1134,169,1,0
BRDA:1134,169,2,0
BRDA:1137,170,0,0
BRDA:1137,170,1,0
BRDA:1138,171,0,0
BRDA:1138,171,1,0
BRDA:1144,172,0,0
BRDA:1144,172,1,0
BRDA:1145,173,0,0
BRDA:1145,173,1,0
BRDA:1146,174,0,0
BRDA:1146,174,1,0
BRDA:1149,175,0,0
BRDA:1149,175,1,0
BRDA:1173,176,0,0
BRDA:1173,176,1,0
BRF:368
BRH:157
end_of_record
TN:
SF:src\store\devStore.js
FN:61,getInitialFeatures
FN:63,(anonymous_1)
FN:64,(anonymous_2)
FN:73,(anonymous_3)
FN:79,(anonymous_4)
FN:79,(anonymous_5)
FN:80,(anonymous_6)
FN:82,(anonymous_7)
FN:82,(anonymous_8)
FN:86,(anonymous_9)
FN:86,(anonymous_10)
FN:90,(anonymous_11)
FN:90,(anonymous_12)
FN:92,(anonymous_13)
FN:96,(anonymous_14)
FN:96,(anonymous_15)
FN:98,(anonymous_16)
FN:102,(anonymous_17)
FN:102,(anonymous_18)
FN:106,(anonymous_19)
FN:110,(anonymous_20)
FN:110,(anonymous_21)
FN:114,(anonymous_22)
FN:119,(anonymous_23)
FN:119,(anonymous_24)
FN:121,(anonymous_25)
FN:126,(anonymous_26)
FN:134,(anonymous_27)
FN:135,(anonymous_28)
FN:143,(anonymous_29)
FN:153,(anonymous_30)
FNF:31
FNH:29
FNDA:1,getInitialFeatures
FNDA:5,(anonymous_1)
FNDA:19,(anonymous_2)
FNDA:1,(anonymous_3)
FNDA:2,(anonymous_4)
FNDA:2,(anonymous_5)
FNDA:1,(anonymous_6)
FNDA:1,(anonymous_7)
FNDA:1,(anonymous_8)
FNDA:4,(anonymous_9)
FNDA:4,(anonymous_10)
FNDA:2,(anonymous_11)
FNDA:2,(anonymous_12)
FNDA:38,(anonymous_13)
FNDA:3,(anonymous_14)
FNDA:3,(anonymous_15)
FNDA:57,(anonymous_16)
FNDA:2,(anonymous_17)
FNDA:2,(anonymous_18)
FNDA:6,(anonymous_19)
FNDA:1,(anonymous_20)
FNDA:1,(anonymous_21)
FNDA:6,(anonymous_22)
FNDA:1,(anonymous_23)
FNDA:1,(anonymous_24)
FNDA:19,(anonymous_25)
FNDA:2,(anonymous_26)
FNDA:31,(anonymous_27)
FNDA:1,(anonymous_28)
FNDA:0,(anonymous_29)
FNDA:0,(anonymous_30)
DA:13,1
DA:62,1
DA:63,1
DA:64,5
DA:65,19
DA:68,1
DA:71,1
DA:73,1
DA:79,2
DA:80,1
DA:82,1
DA:86,4
DA:90,2
DA:91,2
DA:92,38
DA:93,2
DA:96,3
DA:97,3
DA:98,57
DA:99,3
DA:102,2
DA:103,2
DA:104,2
DA:105,1
DA:106,6
DA:107,1
DA:110,1
DA:111,1
DA:112,1
DA:113,1
DA:114,6
DA:115,1
DA:119,1
DA:120,1
DA:121,19
DA:122,1
DA:127,2
DA:128,2
DA:134,31
DA:137,1
DA:138,1
DA:139,0
DA:141,1
DA:144,0
DA:146,0
DA:147,0
DA:153,0
DA:156,0
DA:157,0
DA:159,0
LF:50
LH:42
BRDA:104,0,0,1
BRDA:104,0,1,1
BRDA:112,1,0,0
BRDA:112,1,1,1
BRDA:138,2,0,0
BRDA:138,2,1,1
BRDA:138,3,0,1
BRDA:138,3,1,0
BRDA:146,4,0,0
BRDA:146,4,1,0
BRDA:146,5,0,0
BRDA:146,5,1,0
BRDA:156,6,0,0
BRDA:156,6,1,0
BRF:14
BRH:5
end_of_record
TN:
SF:src\store\favoritesStore.js
FN:31,(anonymous_0)
FN:48,(anonymous_1)
FN:60,(anonymous_2)
FN:62,(anonymous_3)
FN:68,(anonymous_4)
FN:69,(anonymous_5)
FN:79,(anonymous_6)
FN:93,(anonymous_7)
FN:94,(anonymous_8)
FN:100,(anonymous_9)
FN:101,(anonymous_10)
FN:109,(anonymous_11)
FN:121,(anonymous_12)
FN:125,(anonymous_13)
FN:139,(anonymous_14)
FN:141,(anonymous_15)
FN:148,(anonymous_16)
FN:149,(anonymous_17)
FN:162,(anonymous_18)
FN:166,(anonymous_19)
FN:167,(anonymous_20)
FN:181,(anonymous_21)
FN:186,(anonymous_22)
FN:199,(anonymous_23)
FN:227,(anonymous_24)
FN:249,(anonymous_25)
FN:254,(anonymous_26)
FN:257,(anonymous_27)
FN:265,(anonymous_28)
FN:286,(anonymous_29)
FN:305,(anonymous_30)
FN:319,(anonymous_31)
FN:323,(anonymous_32)
FNF:33
FNH:32
FNDA:2,(anonymous_0)
FNDA:4,(anonymous_1)
FNDA:3,(anonymous_2)
FNDA:1,(anonymous_3)
FNDA:1,(anonymous_4)
FNDA:1,(anonymous_5)
FNDA:1,(anonymous_6)
FNDA:2,(anonymous_7)
FNDA:1,(anonymous_8)
FNDA:2,(anonymous_9)
FNDA:6,(anonymous_10)
FNDA:3,(anonymous_11)
FNDA:2,(anonymous_12)
FNDA:2,(anonymous_13)
FNDA:3,(anonymous_14)
FNDA:2,(anonymous_15)
FNDA:1,(anonymous_16)
FNDA:1,(anonymous_17)
FNDA:3,(anonymous_18)
FNDA:2,(anonymous_19)
FNDA:2,(anonymous_20)
FNDA:2,(anonymous_21)
FNDA:2,(anonymous_22)
FNDA:4,(anonymous_23)
FNDA:2,(anonymous_24)
FNDA:1,(anonymous_25)
FNDA:2,(anonymous_26)
FNDA:1,(anonymous_27)
FNDA:0,(anonymous_28)
FNDA:2,(anonymous_29)
FNDA:1,(anonymous_30)
FNDA:1,(anonymous_31)
FNDA:88,(anonymous_32)
DA:28,2
DA:31,2
DA:49,4
DA:50,4
DA:51,3
DA:53,1
DA:61,3
DA:62,3
DA:64,3
DA:65,3
DA:66,3
DA:67,1
DA:68,1
DA:69,1
DA:73,2
DA:79,1
DA:85,1
DA:86,1
DA:94,2
DA:101,6
DA:110,3
DA:111,3
DA:112,3
DA:114,0
DA:122,2
DA:123,2
DA:124,2
DA:125,2
DA:129,2
DA:131,0
DA:132,0
DA:140,3
DA:141,3
DA:142,3
DA:144,2
DA:145,2
DA:146,2
DA:147,2
DA:148,1
DA:149,1
DA:152,1
DA:154,1
DA:155,1
DA:163,3
DA:164,3
DA:165,3
DA:166,2
DA:167,2
DA:173,1
DA:174,1
DA:182,2
DA:183,2
DA:184,1
DA:186,2
DA:187,1
DA:200,4
DA:202,1
DA:203,1
DA:207,3
DA:208,3
DA:209,1
DA:210,1
DA:213,2
DA:214,2
DA:215,2
DA:216,1
DA:217,1
DA:219,1
DA:220,1
DA:228,2
DA:229,2
DA:232,1
DA:233,1
DA:235,1
DA:236,1
DA:237,1
DA:238,1
DA:244,0
DA:249,1
DA:255,2
DA:256,2
DA:257,1
DA:266,0
DA:267,0
DA:269,0
DA:270,0
DA:271,0
DA:272,0
DA:273,0
DA:274,0
DA:275,0
DA:276,0
DA:278,0
DA:279,0
DA:287,2
DA:288,2
DA:289,2
DA:291,1
DA:292,1
DA:293,1
DA:295,1
DA:296,1
DA:306,1
DA:307,1
DA:308,1
DA:310,0
DA:312,1
DA:319,1
DA:323,88
LF:109
LH:92
BRDA:66,0,0,1
BRDA:66,0,1,2
BRDA:121,1,0,2
BRDA:142,2,0,1
BRDA:142,2,1,2
BRDA:149,3,0,1
BRDA:149,3,1,0
BRDA:168,4,0,1
BRDA:168,4,1,1
BRDA:169,5,0,1
BRDA:169,5,1,1
BRDA:183,6,0,1
BRDA:183,6,1,1
BRDA:200,7,0,1
BRDA:200,7,1,3
BRDA:208,8,0,1
BRDA:208,8,1,2
BRDA:229,9,0,1
BRDA:229,9,1,1
BRDA:256,10,0,1
BRDA:256,10,1,1
BRDA:257,11,0,1
BRDA:257,11,1,0
BRF:23
BRH:21
end_of_record
